<?xml version="1.0" encoding="UTF-8"?>
<coverage generated="1784616879186" clover="3.2.0">
  <project timestamp="1784616879186" name="All files">
    <metrics statements="110" coveredstatements="106" conditionals="243" coveredconditionals="178" methods="86" coveredmethods="77" elements="439" coveredelements="361" complexity="0" loc="110" ncloc="110" packages="1" files="12" classes="12"/>
    <file name="VideoGenerationEmptyState.tsx" path="D:\PROGEs\chatBot\frontend\src\video-generation\VideoGenerationEmptyState.tsx">
      <metrics statements="1" coveredstatements="1" conditionals="0" coveredconditionals="0" methods="1" coveredmethods="1"/>
      <line num="3" count="20" type="stmt"/>
    </file>
    <file name="VideoGenerationForm.tsx" path="D:\PROGEs\chatBot\frontend\src\video-generation\VideoGenerationForm.tsx">
      <metrics statements="6" coveredstatements="6" conditionals="35" coveredconditionals="28" methods="12" coveredmethods="10"/>
      <line num="7" count="42" type="cond" truecount="8" falsecount="0"/>
      <line num="8" count="42" type="stmt"/>
      <line num="9" count="42" type="stmt"/>
      <line num="12" count="35" type="cond" truecount="1" falsecount="1"/>
      <line num="13" count="13" type="cond" truecount="5" falsecount="3"/>
      <line num="14" count="70" type="cond" truecount="1" falsecount="1"/>
    </file>
    <file name="VideoGenerationHistory.tsx" path="D:\PROGEs\chatBot\frontend\src\video-generation\VideoGenerationHistory.tsx">
      <metrics statements="1" coveredstatements="1" conditionals="6" coveredconditionals="6" methods="2" coveredmethods="2"/>
      <line num="6" count="38" type="cond" truecount="6" falsecount="0"/>
    </file>
    <file name="VideoGenerationHistoryItem.tsx" path="D:\PROGEs\chatBot\frontend\src\video-generation\VideoGenerationHistoryItem.tsx">
      <metrics statements="1" coveredstatements="1" conditionals="8" coveredconditionals="5" methods="2" coveredmethods="2"/>
      <line num="6" count="17" type="cond" truecount="2" falsecount="0"/>
    </file>
    <file name="VideoGenerationPage.tsx" path="D:\PROGEs\chatBot\frontend\src\video-generation\VideoGenerationPage.tsx">
      <metrics statements="45" coveredstatements="41" conditionals="96" coveredconditionals="57" methods="34" coveredmethods="29"/>
      <line num="14" count="4" type="cond" truecount="2" falsecount="0"/>
      <line num="15" count="4" type="cond" truecount="2" falsecount="0"/>
      <line num="18" count="34" type="stmt"/>
      <line num="19" count="34" type="stmt"/>
      <line num="20" count="34" type="stmt"/>
      <line num="21" count="34" type="stmt"/>
      <line num="22" count="34" type="stmt"/>
      <line num="23" count="34" type="stmt"/>
      <line num="24" count="34" type="stmt"/>
      <line num="25" count="34" type="stmt"/>
      <line num="26" count="34" type="stmt"/>
      <line num="27" count="34" type="stmt"/>
      <line num="28" count="34" type="stmt"/>
      <line num="30" count="34" type="stmt"/>
      <line num="31" count="4" type="stmt"/>
      <line num="32" count="4" type="cond" truecount="2" falsecount="2"/>
      <line num="33" count="0" type="cond" truecount="0" falsecount="2"/>
      <line num="34" count="4" type="stmt"/>
      <line num="36" count="34" type="stmt"/>
      <line num="37" count="5" type="stmt"/>
      <line num="38" count="5" type="stmt"/>
      <line num="39" count="0" type="cond" truecount="0" falsecount="2"/>
      <line num="40" count="5" type="stmt"/>
      <line num="42" count="34" type="stmt"/>
      <line num="43" count="3" type="stmt"/>
      <line num="44" count="3" type="cond" truecount="3" falsecount="1"/>
      <line num="45" count="0" type="cond" truecount="0" falsecount="10"/>
      <line num="46" count="2" type="cond" truecount="2" falsecount="2"/>
      <line num="49" count="34" type="stmt"/>
      <line num="50" count="34" type="cond" truecount="10" falsecount="0"/>
      <line num="51" count="34" type="cond" truecount="8" falsecount="6"/>
      <line num="52" count="34" type="stmt"/>
      <line num="53" count="6" type="cond" truecount="4" falsecount="0"/>
      <line num="54" count="1" type="stmt"/>
      <line num="55" count="2" type="cond" truecount="7" falsecount="9"/>
      <line num="56" count="1" type="stmt"/>
      <line num="59" count="34" type="stmt"/>
      <line num="60" count="2" type="cond" truecount="10" falsecount="0"/>
      <line num="61" count="1" type="cond" truecount="1" falsecount="1"/>
      <line num="62" count="2" type="stmt"/>
      <line num="63" count="2" type="stmt"/>
      <line num="64" count="0" type="cond" truecount="0" falsecount="2"/>
      <line num="65" count="1" type="stmt"/>
      <line num="67" count="170" type="stmt"/>
      <line num="69" count="34" type="cond" truecount="6" falsecount="2"/>
    </file>
    <file name="VideoGenerationPlayer.tsx" path="D:\PROGEs\chatBot\frontend\src\video-generation\VideoGenerationPlayer.tsx">
      <metrics statements="8" coveredstatements="8" conditionals="28" coveredconditionals="22" methods="8" coveredmethods="8"/>
      <line num="7" count="46" type="stmt"/>
      <line num="8" count="46" type="cond" truecount="2" falsecount="0"/>
      <line num="9" count="46" type="cond" truecount="10" falsecount="4"/>
      <line num="10" count="46" type="cond" truecount="2" falsecount="0"/>
      <line num="11" count="17" type="cond" truecount="2" falsecount="0"/>
      <line num="12" count="13" type="stmt"/>
      <line num="13" count="13" type="cond" truecount="0" falsecount="2"/>
      <line num="14" count="13" type="cond" truecount="6" falsecount="0"/>
    </file>
    <file name="VideoGenerationStatus.tsx" path="D:\PROGEs\chatBot\frontend\src\video-generation\VideoGenerationStatus.tsx">
      <metrics statements="3" coveredstatements="3" conditionals="5" coveredconditionals="5" methods="1" coveredmethods="1"/>
      <line num="5" count="32" type="stmt"/>
      <line num="6" count="32" type="stmt"/>
      <line num="7" count="32" type="cond" truecount="4" falsecount="0"/>
    </file>
    <file name="video-generation.constants.ts" path="D:\PROGEs\chatBot\frontend\src\video-generation\video-generation.constants.ts">
      <metrics statements="4" coveredstatements="4" conditionals="0" coveredconditionals="0" methods="0" coveredmethods="0"/>
      <line num="3" count="2" type="stmt"/>
      <line num="4" count="2" type="stmt"/>
      <line num="5" count="2" type="stmt"/>
      <line num="6" count="2" type="stmt"/>
    </file>
    <file name="video-generation.errors.ts" path="D:\PROGEs\chatBot\frontend\src\video-generation\video-generation.errors.ts">
      <metrics statements="4" coveredstatements="4" conditionals="10" coveredconditionals="10" methods="1" coveredmethods="1"/>
      <line num="3" count="4" type="stmt"/>
      <line num="8" count="23" type="stmt"/>
      <line num="16" count="23" type="cond" truecount="8" falsecount="0"/>
      <line num="17" count="23" type="cond" truecount="2" falsecount="0"/>
    </file>
    <file name="video-generation.service.ts" path="D:\PROGEs\chatBot\frontend\src\video-generation\video-generation.service.ts">
      <metrics statements="27" coveredstatements="27" conditionals="43" coveredconditionals="38" methods="19" coveredmethods="17"/>
      <line num="4" count="3" type="stmt"/>
      <line num="5" count="13" type="cond" truecount="1" falsecount="1"/>
      <line num="9" count="8" type="cond" truecount="3" falsecount="0"/>
      <line num="10" count="3" type="cond" truecount="2" falsecount="0"/>
      <line num="11" count="3" type="cond" truecount="11" falsecount="0"/>
      <line num="12" count="3" type="cond" truecount="2" falsecount="0"/>
      <line num="13" count="3" type="cond" truecount="4" falsecount="0"/>
      <line num="14" count="3" type="cond" truecount="3" falsecount="0"/>
      <line num="15" count="3" type="cond" truecount="2" falsecount="1"/>
      <line num="18" count="13" type="stmt"/>
      <line num="19" count="13" type="stmt"/>
      <line num="21" count="13" type="stmt"/>
      <line num="22" count="1" type="cond" truecount="2" falsecount="2"/>
      <line num="23" count="12" type="stmt"/>
      <line num="24" count="12" type="cond" truecount="2" falsecount="0"/>
      <line num="25" count="6" type="cond" truecount="3" falsecount="1"/>
      <line num="26" count="6" type="stmt"/>
      <line num="28" count="6" type="cond" truecount="2" falsecount="0"/>
      <line num="29" count="4" type="stmt"/>
      <line num="32" count="3" type="stmt"/>
      <line num="33" count="9" type="stmt"/>
      <line num="34" count="1" type="stmt"/>
      <line num="35" count="1" type="stmt"/>
      <line num="36" count="1" type="stmt"/>
      <line num="37" count="1" type="stmt"/>
      <line num="38" count="13" type="stmt"/>
      <line num="39" count="14" type="stmt"/>
    </file>
    <file name="video-generation.types.ts" path="D:\PROGEs\chatBot\frontend\src\video-generation\video-generation.types.ts">
      <metrics statements="0" coveredstatements="0" conditionals="0" coveredconditionals="0" methods="0" coveredmethods="0"/>
    </file>
    <file name="video-generation.utils.ts" path="D:\PROGEs\chatBot\frontend\src\video-generation\video-generation.utils.ts">
      <metrics statements="10" coveredstatements="10" conditionals="12" coveredconditionals="7" methods="6" coveredmethods="6"/>
      <line num="4" count="2" type="stmt"/>
      <line num="5" count="49" type="stmt"/>
      <line num="6" count="49" type="cond" truecount="2" falsecount="0"/>
      <line num="8" count="17" type="stmt"/>
      <line num="9" count="17" type="cond" truecount="1" falsecount="1"/>
      <line num="10" count="17" type="cond" truecount="2" falsecount="2"/>
      <line num="11" count="47" type="stmt"/>
      <line num="12" count="2" type="stmt"/>
      <line num="13" count="3" type="cond" truecount="1" falsecount="1"/>
      <line num="14" count="3" type="cond" truecount="1" falsecount="1"/>
    </file>
  </project>
</coverage>
