{"D:\\PROGEs\\chatBot\\frontend\\src\\video-generation\\VideoGenerationEmptyState.tsx": {"path":"D:\\PROGEs\\chatBot\\frontend\\src\\video-generation\\VideoGenerationEmptyState.tsx","statementMap":{"0":{"start":{"line":3,"column":2},"end":{"line":3,"column":null}}},"fnMap":{"0":{"name":"HistoryEmptyState","decl":{"start":{"line":2,"column":16},"end":{"line":2,"column":34}},"loc":{"start":{"line":2,"column":95},"end":{"line":4,"column":null}},"line":2}},"branchMap":{},"s":{"0":20},"f":{"0":20},"b":{},"meta":{"lastBranch":0,"lastFunction":1,"lastStatement":1,"seen":{"f:2:16:2:34":0,"s:3:2:3:Infinity":0},"fnNames":{}}}
,"D:\\PROGEs\\chatBot\\frontend\\src\\video-generation\\VideoGenerationForm.tsx": {"path":"D:\\PROGEs\\chatBot\\frontend\\src\\video-generation\\VideoGenerationForm.tsx","statementMap":{"0":{"start":{"line":7,"column":16},"end":{"line":7,"column":82}},"1":{"start":{"line":7,"column":44},"end":{"line":7,"column":79}},"2":{"start":{"line":7,"column":102},"end":{"line":7,"column":null}},"3":{"start":{"line":8,"column":8},"end":{"line":8,"column":null}},"4":{"start":{"line":8,"column":41},"end":{"line":8,"column":65}},"5":{"start":{"line":8,"column":65},"end":{"line":8,"column":83}},"6":{"start":{"line":9,"column":2},"end":{"line":18,"column":null}},"7":{"start":{"line":12,"column":208},"end":{"line":12,"column":247}},"8":{"start":{"line":12,"column":319},"end":{"line":12,"column":404}},"9":{"start":{"line":13,"column":103},"end":{"line":13,"column":140}},"10":{"start":{"line":14,"column":254},"end":{"line":14,"column":296}},"11":{"start":{"line":14,"column":357},"end":{"line":14,"column":407}},"12":{"start":{"line":14,"column":628},"end":{"line":14,"column":667}},"13":{"start":{"line":14,"column":725},"end":{"line":14,"column":775}},"14":{"start":{"line":14,"column":1024},"end":{"line":14,"column":1062}},"15":{"start":{"line":14,"column":1119},"end":{"line":14,"column":1169}}},"fnMap":{"0":{"name":"VideoGenerationForm","decl":{"start":{"line":6,"column":24},"end":{"line":6,"column":44}},"loc":{"start":{"line":6,"column":58},"end":{"line":19,"column":null}},"line":6},"1":{"name":"(anonymous_1)","decl":{"start":{"line":7,"column":29},"end":{"line":7,"column":35}},"loc":{"start":{"line":7,"column":44},"end":{"line":7,"column":79}},"line":7},"2":{"name":"(anonymous_2)","decl":{"start":{"line":8,"column":8},"end":{"line":8,"column":18}},"loc":{"start":{"line":8,"column":39},"end":{"line":8,"column":null}},"line":8},"3":{"name":"(anonymous_3)","decl":{"start":{"line":12,"column":187},"end":{"line":12,"column":198}},"loc":{"start":{"line":12,"column":208},"end":{"line":12,"column":247}},"line":12},"4":{"name":"(anonymous_4)","decl":{"start":{"line":12,"column":305},"end":{"line":12,"column":310}},"loc":{"start":{"line":12,"column":319},"end":{"line":12,"column":404}},"line":12},"5":{"name":"(anonymous_5)","decl":{"start":{"line":13,"column":82},"end":{"line":13,"column":93}},"loc":{"start":{"line":13,"column":103},"end":{"line":13,"column":140}},"line":13},"6":{"name":"(anonymous_6)","decl":{"start":{"line":14,"column":233},"end":{"line":14,"column":244}},"loc":{"start":{"line":14,"column":254},"end":{"line":14,"column":296}},"line":14},"7":{"name":"(anonymous_7)","decl":{"start":{"line":14,"column":342},"end":{"line":14,"column":347}},"loc":{"start":{"line":14,"column":357},"end":{"line":14,"column":407}},"line":14},"8":{"name":"(anonymous_8)","decl":{"start":{"line":14,"column":607},"end":{"line":14,"column":618}},"loc":{"start":{"line":14,"column":628},"end":{"line":14,"column":667}},"line":14},"9":{"name":"(anonymous_9)","decl":{"start":{"line":14,"column":710},"end":{"line":14,"column":715}},"loc":{"start":{"line":14,"column":725},"end":{"line":14,"column":775}},"line":14},"10":{"name":"(anonymous_10)","decl":{"start":{"line":14,"column":1003},"end":{"line":14,"column":1014}},"loc":{"start":{"line":14,"column":1024},"end":{"line":14,"column":1062}},"line":14},"11":{"name":"(anonymous_11)","decl":{"start":{"line":14,"column":1104},"end":{"line":14,"column":1109}},"loc":{"start":{"line":14,"column":1119},"end":{"line":14,"column":1169}},"line":14}},"branchMap":{"0":{"loc":{"start":{"line":7,"column":102},"end":{"line":7,"column":null}},"type":"cond-expr","locations":[{"start":{"line":7,"column":125},"end":{"line":7,"column":157}},{"start":{"line":7,"column":157},"end":{"line":7,"column":null}}],"line":7},"1":{"loc":{"start":{"line":7,"column":157},"end":{"line":7,"column":null}},"type":"cond-expr","locations":[{"start":{"line":7,"column":190},"end":{"line":7,"column":235}},{"start":{"line":7,"column":235},"end":{"line":7,"column":null}}],"line":7},"2":{"loc":{"start":{"line":7,"column":235},"end":{"line":7,"column":null}},"type":"cond-expr","locations":[{"start":{"line":7,"column":315},"end":{"line":7,"column":369}},{"start":{"line":7,"column":369},"end":{"line":7,"column":null}}],"line":7},"3":{"loc":{"start":{"line":7,"column":235},"end":{"line":7,"column":315}},"type":"binary-expr","locations":[{"start":{"line":7,"column":235},"end":{"line":7,"column":269}},{"start":{"line":7,"column":269},"end":{"line":7,"column":315}}],"line":7},"4":{"loc":{"start":{"line":11,"column":5},"end":{"line":18,"column":null}},"type":"cond-expr","locations":[{"start":{"line":11,"column":21},"end":{"line":11,"column":98}},{"start":{"line":11,"column":92},"end":{"line":18,"column":null}}],"line":11},"5":{"loc":{"start":{"line":11,"column":92},"end":{"line":18,"column":null}},"type":"cond-expr","locations":[{"start":{"line":11,"column":106},"end":{"line":11,"column":271}},{"start":{"line":11,"column":265},"end":{"line":18,"column":null}}],"line":11},"6":{"loc":{"start":{"line":11,"column":265},"end":{"line":18,"column":null}},"type":"cond-expr","locations":[{"start":{"line":11,"column":298},"end":{"line":11,"column":390}},{"start":{"line":11,"column":389},"end":{"line":18,"column":null}}],"line":11},"7":{"loc":{"start":{"line":11,"column":389},"end":{"line":18,"column":null}},"type":"cond-expr","locations":[{"start":{"line":11,"column":412},"end":{"line":11,"column":null}},{"start":{"line":11,"column":502},"end":{"line":18,"column":null}}],"line":11},"8":{"loc":{"start":{"line":12,"column":416},"end":{"line":12,"column":517}},"type":"cond-expr","locations":[{"start":{"line":12,"column":439},"end":{"line":12,"column":517}},{"start":{"line":12,"column":505},"end":{"line":12,"column":517}}],"line":12},"9":{"loc":{"start":{"line":13,"column":231},"end":{"line":13,"column":268}},"type":"binary-expr","locations":[{"start":{"line":13,"column":231},"end":{"line":13,"column":257}},{"start":{"line":13,"column":257},"end":{"line":13,"column":268}}],"line":13},"10":{"loc":{"start":{"line":13,"column":279},"end":{"line":13,"column":305}},"type":"binary-expr","locations":[{"start":{"line":13,"column":279},"end":{"line":13,"column":294}},{"start":{"line":13,"column":294},"end":{"line":13,"column":305}}],"line":13},"11":{"loc":{"start":{"line":13,"column":317},"end":{"line":13,"column":474}},"type":"cond-expr","locations":[{"start":{"line":13,"column":325},"end":{"line":13,"column":444}},{"start":{"line":13,"column":444},"end":{"line":13,"column":474}}],"line":13},"12":{"loc":{"start":{"line":13,"column":325},"end":{"line":13,"column":444}},"type":"cond-expr","locations":[{"start":{"line":13,"column":357},"end":{"line":13,"column":400}},{"start":{"line":13,"column":400},"end":{"line":13,"column":444}}],"line":13},"13":{"loc":{"start":{"line":14,"column":795},"end":{"line":14,"column":1201}},"type":"cond-expr","locations":[{"start":{"line":14,"column":828},"end":{"line":14,"column":1201}},{"start":{"line":14,"column":1191},"end":{"line":14,"column":1201}}],"line":14},"14":{"loc":{"start":{"line":15,"column":7},"end":{"line":15,"column":null}},"type":"cond-expr","locations":[{"start":{"line":15,"column":15},"end":{"line":15,"column":null}},{"start":{"line":15,"column":155},"end":{"line":15,"column":null}}],"line":15},"15":{"loc":{"start":{"line":16,"column":80},"end":{"line":16,"column":132}},"type":"binary-expr","locations":[{"start":{"line":16,"column":80},"end":{"line":16,"column":90}},{"start":{"line":16,"column":90},"end":{"line":16,"column":114}},{"start":{"line":16,"column":114},"end":{"line":16,"column":132}}],"line":16},"16":{"loc":{"start":{"line":16,"column":160},"end":{"line":16,"column":224}},"type":"cond-expr","locations":[{"start":{"line":16,"column":179},"end":{"line":16,"column":203}},{"start":{"line":16,"column":203},"end":{"line":16,"column":224}}],"line":16}},"s":{"0":42,"1":37,"2":42,"3":42,"4":3,"5":3,"6":42,"7":0,"8":35,"9":13,"10":0,"11":70,"12":1,"13":35,"14":1,"15":70},"f":{"0":42,"1":37,"2":3,"3":0,"4":35,"5":13,"6":0,"7":70,"8":1,"9":35,"10":1,"11":70},"b":{"0":[21,21],"1":[3,18],"2":[1,17],"3":[18,18],"4":[5,37],"5":[1,36],"6":[0,36],"7":[1,35],"8":[35,0],"9":[35,0],"10":[35,17],"11":[35,0],"12":[0,35],"13":[35,0],"14":[35,0],"15":[35,35,17],"16":[5,30]},"meta":{"lastBranch":17,"lastFunction":12,"lastStatement":16,"seen":{"f:6:24:6:44":0,"s:7:16:7:82":0,"f:7:29:7:35":1,"s:7:44:7:79":1,"s:7:102:7:Infinity":2,"b:7:125:7:157:7:157:7:Infinity":0,"b:7:190:7:235:7:235:7:Infinity":1,"b:7:315:7:369:7:369:7:Infinity":2,"b:7:235:7:269:7:269:7:315":3,"s:8:8:8:Infinity":3,"f:8:8:8:18":2,"s:8:41:8:65":4,"s:8:65:8:83":5,"s:9:2:18:Infinity":6,"b:11:21:11:98:11:92:18:Infinity":4,"b:11:106:11:271:11:265:18:Infinity":5,"b:11:298:11:390:11:389:18:Infinity":6,"b:11:412:11:Infinity:11:502:18:Infinity":7,"f:12:187:12:198":3,"s:12:208:12:247":7,"f:12:305:12:310":4,"s:12:319:12:404":8,"b:12:439:12:517:12:505:12:517":8,"f:13:82:13:93":5,"s:13:103:13:140":9,"b:13:231:13:257:13:257:13:268":9,"b:13:279:13:294:13:294:13:305":10,"b:13:325:13:444:13:444:13:474":11,"b:13:357:13:400:13:400:13:444":12,"f:14:233:14:244":6,"s:14:254:14:296":10,"f:14:342:14:347":7,"s:14:357:14:407":11,"f:14:607:14:618":8,"s:14:628:14:667":12,"f:14:710:14:715":9,"s:14:725:14:775":13,"b:14:828:14:1201:14:1191:14:1201":13,"f:14:1003:14:1014":10,"s:14:1024:14:1062":14,"f:14:1104:14:1109":11,"s:14:1119:14:1169":15,"b:15:15:15:Infinity:15:155:15:Infinity":14,"b:16:80:16:90:16:90:16:114:16:114:16:132":15,"b:16:179:16:203:16:203:16:224":16},"fnNames":{}}}
,"D:\\PROGEs\\chatBot\\frontend\\src\\video-generation\\VideoGenerationHistory.tsx": {"path":"D:\\PROGEs\\chatBot\\frontend\\src\\video-generation\\VideoGenerationHistory.tsx","statementMap":{"0":{"start":{"line":6,"column":2},"end":{"line":6,"column":null}},"1":{"start":{"line":6,"column":532},"end":{"line":6,"column":642}}},"fnMap":{"0":{"name":"VideoGenerationHistory","decl":{"start":{"line":5,"column":24},"end":{"line":5,"column":47}},"loc":{"start":{"line":5,"column":250},"end":{"line":7,"column":null}},"line":5},"1":{"name":"(anonymous_1)","decl":{"start":{"line":6,"column":518},"end":{"line":6,"column":523}},"loc":{"start":{"line":6,"column":532},"end":{"line":6,"column":642}},"line":6}},"branchMap":{"0":{"loc":{"start":{"line":6,"column":214},"end":{"line":6,"column":null}},"type":"cond-expr","locations":[{"start":{"line":6,"column":224},"end":{"line":6,"column":304}},{"start":{"line":6,"column":296},"end":{"line":6,"column":null}}],"line":6},"1":{"loc":{"start":{"line":6,"column":296},"end":{"line":6,"column":null}},"type":"cond-expr","locations":[{"start":{"line":6,"column":304},"end":{"line":6,"column":465}},{"start":{"line":6,"column":459},"end":{"line":6,"column":null}}],"line":6},"2":{"loc":{"start":{"line":6,"column":459},"end":{"line":6,"column":null}},"type":"cond-expr","locations":[{"start":{"line":6,"column":474},"end":{"line":6,"column":654}},{"start":{"line":6,"column":653},"end":{"line":6,"column":null}}],"line":6}},"s":{"0":38,"1":17},"f":{"0":38,"1":17},"b":{"0":[6,32],"1":[1,31],"2":[11,20]},"meta":{"lastBranch":3,"lastFunction":2,"lastStatement":2,"seen":{"f:5:24:5:47":0,"s:6:2:6:Infinity":0,"b:6:224:6:304:6:296:6:Infinity":0,"b:6:304:6:465:6:459:6:Infinity":1,"b:6:474:6:654:6:653:6:Infinity":2,"f:6:518:6:523":1,"s:6:532:6:642":1},"fnNames":{}}}
,"D:\\PROGEs\\chatBot\\frontend\\src\\video-generation\\VideoGenerationHistoryItem.tsx": {"path":"D:\\PROGEs\\chatBot\\frontend\\src\\video-generation\\VideoGenerationHistoryItem.tsx","statementMap":{"0":{"start":{"line":6,"column":2},"end":{"line":10,"column":null}},"1":{"start":{"line":6,"column":112},"end":{"line":6,"column":131}}},"fnMap":{"0":{"name":"VideoGenerationHistoryItem","decl":{"start":{"line":5,"column":24},"end":{"line":5,"column":51}},"loc":{"start":{"line":5,"column":167},"end":{"line":11,"column":null}},"line":5},"1":{"name":"(anonymous_1)","decl":{"start":{"line":6,"column":97},"end":{"line":6,"column":112}},"loc":{"start":{"line":6,"column":112},"end":{"line":6,"column":131}},"line":6}},"branchMap":{"0":{"loc":{"start":{"line":6,"column":64},"end":{"line":6,"column":97}},"type":"cond-expr","locations":[{"start":{"line":6,"column":75},"end":{"line":6,"column":91}},{"start":{"line":6,"column":91},"end":{"line":6,"column":97}}],"line":6},"1":{"loc":{"start":{"line":9,"column":48},"end":{"line":9,"column":73}},"type":"binary-expr","locations":[{"start":{"line":9,"column":48},"end":{"line":9,"column":69}},{"start":{"line":9,"column":69},"end":{"line":9,"column":73}}],"line":9},"2":{"loc":{"start":{"line":9,"column":77},"end":{"line":9,"column":98}},"type":"binary-expr","locations":[{"start":{"line":9,"column":77},"end":{"line":9,"column":94}},{"start":{"line":9,"column":94},"end":{"line":9,"column":98}}],"line":9},"3":{"loc":{"start":{"line":9,"column":102},"end":{"line":9,"column":128}},"type":"binary-expr","locations":[{"start":{"line":9,"column":102},"end":{"line":9,"column":118}},{"start":{"line":9,"column":118},"end":{"line":9,"column":128}}],"line":9}},"s":{"0":17,"1":1},"f":{"0":17,"1":1},"b":{"0":[4,13],"1":[17,0],"2":[17,0],"3":[17,0]},"meta":{"lastBranch":4,"lastFunction":2,"lastStatement":2,"seen":{"f:5:24:5:51":0,"s:6:2:10:Infinity":0,"b:6:75:6:91:6:91:6:97":0,"f:6:97:6:112":1,"s:6:112:6:131":1,"b:9:48:9:69:9:69:9:73":1,"b:9:77:9:94:9:94:9:98":2,"b:9:102:9:118:9:118:9:128":3},"fnNames":{}}}
,"D:\\PROGEs\\chatBot\\frontend\\src\\video-generation\\VideoGenerationPage.tsx": {"path":"D:\\PROGEs\\chatBot\\frontend\\src\\video-generation\\VideoGenerationPage.tsx","statementMap":{"0":{"start":{"line":14,"column":6},"end":{"line":14,"column":null}},"1":{"start":{"line":14,"column":31},"end":{"line":14,"column":123}},"2":{"start":{"line":14,"column":37},"end":{"line":14,"column":100}},"3":{"start":{"line":14,"column":110},"end":{"line":14,"column":121}},"4":{"start":{"line":15,"column":6},"end":{"line":15,"column":null}},"5":{"start":{"line":15,"column":36},"end":{"line":15,"column":207}},"6":{"start":{"line":15,"column":42},"end":{"line":15,"column":162}},"7":{"start":{"line":15,"column":50},"end":{"line":15,"column":109}},"8":{"start":{"line":15,"column":109},"end":{"line":15,"column":162}},"9":{"start":{"line":18,"column":30},"end":{"line":18,"column":null}},"10":{"start":{"line":19,"column":46},"end":{"line":19,"column":null}},"11":{"start":{"line":20,"column":46},"end":{"line":20,"column":62}},"12":{"start":{"line":20,"column":102},"end":{"line":20,"column":null}},"13":{"start":{"line":21,"column":32},"end":{"line":21,"column":null}},"14":{"start":{"line":22,"column":46},"end":{"line":22,"column":62}},"15":{"start":{"line":22,"column":102},"end":{"line":22,"column":null}},"16":{"start":{"line":23,"column":30},"end":{"line":23,"column":null}},"17":{"start":{"line":24,"column":44},"end":{"line":24,"column":61}},"18":{"start":{"line":24,"column":99},"end":{"line":24,"column":null}},"19":{"start":{"line":25,"column":34},"end":{"line":25,"column":48}},"20":{"start":{"line":25,"column":76},"end":{"line":25,"column":null}},"21":{"start":{"line":26,"column":40},"end":{"line":26,"column":54}},"22":{"start":{"line":26,"column":86},"end":{"line":26,"column":100}},"23":{"start":{"line":26,"column":130},"end":{"line":26,"column":144}},"24":{"start":{"line":26,"column":180},"end":{"line":26,"column":null}},"25":{"start":{"line":27,"column":25},"end":{"line":27,"column":54}},"26":{"start":{"line":27,"column":74},"end":{"line":27,"column":103}},"27":{"start":{"line":27,"column":129},"end":{"line":27,"column":167}},"28":{"start":{"line":27,"column":193},"end":{"line":27,"column":208}},"29":{"start":{"line":27,"column":232},"end":{"line":27,"column":null}},"30":{"start":{"line":28,"column":24},"end":{"line":28,"column":null}},"31":{"start":{"line":28,"column":38},"end":{"line":28,"column":94}},"32":{"start":{"line":28,"column":61},"end":{"line":28,"column":91}},"33":{"start":{"line":30,"column":22},"end":{"line":35,"column":null}},"34":{"start":{"line":31,"column":4},"end":{"line":31,"column":29}},"35":{"start":{"line":31,"column":29},"end":{"line":31,"column":null}},"36":{"start":{"line":32,"column":4},"end":{"line":34,"column":null}},"37":{"start":{"line":32,"column":23},"end":{"line":32,"column":71}},"38":{"start":{"line":32,"column":89},"end":{"line":32,"column":147}},"39":{"start":{"line":32,"column":119},"end":{"line":32,"column":144}},"40":{"start":{"line":32,"column":147},"end":{"line":32,"column":190}},"41":{"start":{"line":32,"column":190},"end":{"line":32,"column":212}},"42":{"start":{"line":32,"column":212},"end":{"line":32,"column":340}},"43":{"start":{"line":32,"column":237},"end":{"line":32,"column":337}},"44":{"start":{"line":32,"column":263},"end":{"line":32,"column":292}},"45":{"start":{"line":33,"column":20},"end":{"line":33,"column":121}},"46":{"start":{"line":34,"column":14},"end":{"line":34,"column":40}},"47":{"start":{"line":36,"column":22},"end":{"line":41,"column":null}},"48":{"start":{"line":37,"column":4},"end":{"line":37,"column":29}},"49":{"start":{"line":37,"column":29},"end":{"line":37,"column":null}},"50":{"start":{"line":38,"column":4},"end":{"line":40,"column":null}},"51":{"start":{"line":38,"column":23},"end":{"line":38,"column":76}},"52":{"start":{"line":38,"column":76},"end":{"line":38,"column":100}},"53":{"start":{"line":38,"column":100},"end":{"line":38,"column":119}},"54":{"start":{"line":39,"column":20},"end":{"line":39,"column":121}},"55":{"start":{"line":39,"column":121},"end":{"line":39,"column":132}},"56":{"start":{"line":40,"column":14},"end":{"line":40,"column":40}},"57":{"start":{"line":42,"column":27},"end":{"line":47,"column":null}},"58":{"start":{"line":43,"column":4},"end":{"line":43,"column":40}},"59":{"start":{"line":43,"column":59},"end":{"line":43,"column":82}},"60":{"start":{"line":43,"column":82},"end":{"line":43,"column":122}},"61":{"start":{"line":43,"column":122},"end":{"line":43,"column":148}},"62":{"start":{"line":43,"column":148},"end":{"line":43,"column":172}},"63":{"start":{"line":43,"column":172},"end":{"line":43,"column":null}},"64":{"start":{"line":44,"column":4},"end":{"line":46,"column":null}},"65":{"start":{"line":44,"column":25},"end":{"line":44,"column":97}},"66":{"start":{"line":44,"column":97},"end":{"line":44,"column":217}},"67":{"start":{"line":44,"column":131},"end":{"line":44,"column":150}},"68":{"start":{"line":44,"column":150},"end":{"line":44,"column":215}},"69":{"start":{"line":45,"column":20},"end":{"line":45,"column":307}},"70":{"start":{"line":45,"column":121},"end":{"line":45,"column":221}},"71":{"start":{"line":45,"column":221},"end":{"line":45,"column":305}},"72":{"start":{"line":45,"column":293},"end":{"line":45,"column":305}},"73":{"start":{"line":46,"column":14},"end":{"line":46,"column":94}},"74":{"start":{"line":46,"column":60},"end":{"line":46,"column":94}},"75":{"start":{"line":46,"column":94},"end":{"line":46,"column":151}},"76":{"start":{"line":46,"column":126},"end":{"line":46,"column":151}},"77":{"start":{"line":49,"column":2},"end":{"line":49,"column":null}},"78":{"start":{"line":49,"column":2},"end":{"line":49,"column":60}},"79":{"start":{"line":49,"column":24},"end":{"line":49,"column":60}},"80":{"start":{"line":50,"column":2},"end":{"line":50,"column":null}},"81":{"start":{"line":50,"column":20},"end":{"line":50,"column":40}},"82":{"start":{"line":50,"column":40},"end":{"line":50,"column":322}},"83":{"start":{"line":50,"column":90},"end":{"line":50,"column":108}},"84":{"start":{"line":50,"column":123},"end":{"line":50,"column":242}},"85":{"start":{"line":50,"column":152},"end":{"line":50,"column":168}},"86":{"start":{"line":50,"column":200},"end":{"line":50,"column":235}},"87":{"start":{"line":50,"column":242},"end":{"line":50,"column":275}},"88":{"start":{"line":50,"column":263},"end":{"line":50,"column":275}},"89":{"start":{"line":50,"column":275},"end":{"line":50,"column":318}},"90":{"start":{"line":50,"column":287},"end":{"line":50,"column":318}},"91":{"start":{"line":51,"column":2},"end":{"line":51,"column":null}},"92":{"start":{"line":51,"column":20},"end":{"line":51,"column":48}},"93":{"start":{"line":51,"column":40},"end":{"line":51,"column":48}},"94":{"start":{"line":51,"column":48},"end":{"line":51,"column":179}},"95":{"start":{"line":51,"column":74},"end":{"line":51,"column":176}},"96":{"start":{"line":51,"column":179},"end":{"line":51,"column":301}},"97":{"start":{"line":51,"column":202},"end":{"line":51,"column":298}},"98":{"start":{"line":51,"column":301},"end":{"line":51,"column":422}},"99":{"start":{"line":51,"column":323},"end":{"line":51,"column":419}},"100":{"start":{"line":52,"column":2},"end":{"line":57,"column":null}},"101":{"start":{"line":53,"column":4},"end":{"line":53,"column":null}},"102":{"start":{"line":53,"column":57},"end":{"line":53,"column":null}},"103":{"start":{"line":54,"column":20},"end":{"line":54,"column":27}},"104":{"start":{"line":54,"column":39},"end":{"line":54,"column":42}},"105":{"start":{"line":54,"column":56},"end":{"line":54,"column":59}},"106":{"start":{"line":54,"column":81},"end":{"line":54,"column":88}},"107":{"start":{"line":54,"column":107},"end":{"line":54,"column":null}},"108":{"start":{"line":55,"column":17},"end":{"line":55,"column":null}},"109":{"start":{"line":55,"column":31},"end":{"line":55,"column":73}},"110":{"start":{"line":55,"column":65},"end":{"line":55,"column":73}},"111":{"start":{"line":55,"column":73},"end":{"line":55,"column":97}},"112":{"start":{"line":55,"column":97},"end":{"line":55,"column":812}},"113":{"start":{"line":55,"column":118},"end":{"line":55,"column":197}},"114":{"start":{"line":55,"column":197},"end":{"line":55,"column":220}},"115":{"start":{"line":55,"column":212},"end":{"line":55,"column":220}},"116":{"start":{"line":55,"column":220},"end":{"line":55,"column":239}},"117":{"start":{"line":55,"column":239},"end":{"line":55,"column":338}},"118":{"start":{"line":55,"column":261},"end":{"line":55,"column":335}},"119":{"start":{"line":55,"column":281},"end":{"line":55,"column":334}},"120":{"start":{"line":55,"column":338},"end":{"line":55,"column":424}},"121":{"start":{"line":55,"column":382},"end":{"line":55,"column":394}},"122":{"start":{"line":55,"column":394},"end":{"line":55,"column":414}},"123":{"start":{"line":55,"column":414},"end":{"line":55,"column":422}},"124":{"start":{"line":55,"column":424},"end":{"line":55,"column":438}},"125":{"start":{"line":55,"column":438},"end":{"line":55,"column":546}},"126":{"start":{"line":55,"column":470},"end":{"line":55,"column":483}},"127":{"start":{"line":55,"column":564},"end":{"line":55,"column":773}},"128":{"start":{"line":55,"column":649},"end":{"line":55,"column":663}},"129":{"start":{"line":55,"column":663},"end":{"line":55,"column":771}},"130":{"start":{"line":55,"column":695},"end":{"line":55,"column":708}},"131":{"start":{"line":55,"column":785},"end":{"line":55,"column":810}},"132":{"start":{"line":56,"column":4},"end":{"line":56,"column":17}},"133":{"start":{"line":56,"column":17},"end":{"line":56,"column":null}},"134":{"start":{"line":56,"column":32},"end":{"line":56,"column":50}},"135":{"start":{"line":56,"column":50},"end":{"line":56,"column":70}},"136":{"start":{"line":56,"column":70},"end":{"line":56,"column":98}},"137":{"start":{"line":59,"column":23},"end":{"line":66,"column":null}},"138":{"start":{"line":60,"column":4},"end":{"line":60,"column":null}},"139":{"start":{"line":60,"column":262},"end":{"line":60,"column":null}},"140":{"start":{"line":61,"column":4},"end":{"line":61,"column":null}},"141":{"start":{"line":62,"column":4},"end":{"line":62,"column":38}},"142":{"start":{"line":62,"column":38},"end":{"line":62,"column":59}},"143":{"start":{"line":62,"column":59},"end":{"line":62,"column":null}},"144":{"start":{"line":63,"column":4},"end":{"line":65,"column":null}},"145":{"start":{"line":63,"column":27},"end":{"line":63,"column":195}},"146":{"start":{"line":63,"column":195},"end":{"line":63,"column":241}},"147":{"start":{"line":63,"column":241},"end":{"line":63,"column":274}},"148":{"start":{"line":63,"column":274},"end":{"line":63,"column":295}},"149":{"start":{"line":63,"column":295},"end":{"line":63,"column":342}},"150":{"start":{"line":64,"column":20},"end":{"line":64,"column":120}},"151":{"start":{"line":65,"column":14},"end":{"line":65,"column":49}},"152":{"start":{"line":65,"column":49},"end":{"line":65,"column":71}},"153":{"start":{"line":67,"column":8},"end":{"line":67,"column":null}},"154":{"start":{"line":67,"column":22},"end":{"line":67,"column":null}},"155":{"start":{"line":67,"column":69},"end":{"line":67,"column":115}},"156":{"start":{"line":67,"column":115},"end":{"line":67,"column":130}},"157":{"start":{"line":69,"column":2},"end":{"line":69,"column":null}},"158":{"start":{"line":69,"column":755},"end":{"line":69,"column":785}},"159":{"start":{"line":69,"column":1085},"end":{"line":69,"column":1107}},"160":{"start":{"line":69,"column":1809},"end":{"line":69,"column":1829}},"161":{"start":{"line":69,"column":1847},"end":{"line":69,"column":1875}}},"fnMap":{"0":{"name":"(anonymous_0)","decl":{"start":{"line":14,"column":6},"end":{"line":14,"column":29}},"loc":{"start":{"line":14,"column":29},"end":{"line":14,"column":null}},"line":14},"1":{"name":"(anonymous_1)","decl":{"start":{"line":15,"column":6},"end":{"line":15,"column":18}},"loc":{"start":{"line":15,"column":34},"end":{"line":15,"column":null}},"line":15},"2":{"name":"VideoGenerationPage","decl":{"start":{"line":17,"column":24},"end":{"line":17,"column":44}},"loc":{"start":{"line":17,"column":63},"end":{"line":70,"column":null}},"line":17},"3":{"name":"(anonymous_3)","decl":{"start":{"line":28,"column":24},"end":{"line":28,"column":38}},"loc":{"start":{"line":28,"column":38},"end":{"line":28,"column":94}},"line":28},"4":{"name":"(anonymous_4)","decl":{"start":{"line":28,"column":45},"end":{"line":28,"column":51}},"loc":{"start":{"line":28,"column":61},"end":{"line":28,"column":91}},"line":28},"5":{"name":"(anonymous_5)","decl":{"start":{"line":30,"column":34},"end":{"line":30,"column":46}},"loc":{"start":{"line":30,"column":46},"end":{"line":35,"column":5}},"line":30},"6":{"name":"(anonymous_6)","decl":{"start":{"line":32,"column":101},"end":{"line":32,"column":109}},"loc":{"start":{"line":32,"column":119},"end":{"line":32,"column":144}},"line":32},"7":{"name":"(anonymous_7)","decl":{"start":{"line":32,"column":212},"end":{"line":32,"column":225}},"loc":{"start":{"line":32,"column":237},"end":{"line":32,"column":337}},"line":32},"8":{"name":"(anonymous_8)","decl":{"start":{"line":32,"column":247},"end":{"line":32,"column":253}},"loc":{"start":{"line":32,"column":263},"end":{"line":32,"column":292}},"line":32},"9":{"name":"(anonymous_9)","decl":{"start":{"line":36,"column":34},"end":{"line":36,"column":46}},"loc":{"start":{"line":36,"column":46},"end":{"line":41,"column":5}},"line":36},"10":{"name":"(anonymous_10)","decl":{"start":{"line":42,"column":39},"end":{"line":42,"column":46}},"loc":{"start":{"line":42,"column":61},"end":{"line":47,"column":5}},"line":42},"11":{"name":"(anonymous_11)","decl":{"start":{"line":49,"column":2},"end":{"line":49,"column":24}},"loc":{"start":{"line":49,"column":2},"end":{"line":49,"column":60}},"line":49},"12":{"name":"(anonymous_12)","decl":{"start":{"line":50,"column":2},"end":{"line":50,"column":18}},"loc":{"start":{"line":50,"column":18},"end":{"line":50,"column":325}},"line":50},"13":{"name":"(anonymous_13)","decl":{"start":{"line":50,"column":59},"end":{"line":50,"column":65}},"loc":{"start":{"line":50,"column":75},"end":{"line":50,"column":319}},"line":50},"14":{"name":"(anonymous_14)","decl":{"start":{"line":50,"column":137},"end":{"line":50,"column":143}},"loc":{"start":{"line":50,"column":152},"end":{"line":50,"column":168}},"line":50},"15":{"name":"(anonymous_15)","decl":{"start":{"line":50,"column":185},"end":{"line":50,"column":191}},"loc":{"start":{"line":50,"column":200},"end":{"line":50,"column":235}},"line":50},"16":{"name":"(anonymous_16)","decl":{"start":{"line":51,"column":2},"end":{"line":51,"column":18}},"loc":{"start":{"line":51,"column":18},"end":{"line":51,"column":425}},"line":51},"17":{"name":"(anonymous_17)","decl":{"start":{"line":51,"column":48},"end":{"line":51,"column":64}},"loc":{"start":{"line":51,"column":74},"end":{"line":51,"column":176}},"line":51},"18":{"name":"(anonymous_18)","decl":{"start":{"line":51,"column":179},"end":{"line":51,"column":192}},"loc":{"start":{"line":51,"column":202},"end":{"line":51,"column":298}},"line":51},"19":{"name":"(anonymous_19)","decl":{"start":{"line":51,"column":301},"end":{"line":51,"column":313}},"loc":{"start":{"line":51,"column":323},"end":{"line":51,"column":419}},"line":51},"20":{"name":"(anonymous_20)","decl":{"start":{"line":52,"column":2},"end":{"line":52,"column":18}},"loc":{"start":{"line":52,"column":18},"end":{"line":57,"column":5}},"line":52},"21":{"name":"(anonymous_21)","decl":{"start":{"line":55,"column":17},"end":{"line":55,"column":29}},"loc":{"start":{"line":55,"column":29},"end":{"line":55,"column":null}},"line":55},"22":{"name":"(anonymous_22)","decl":{"start":{"line":55,"column":239},"end":{"line":55,"column":251}},"loc":{"start":{"line":55,"column":261},"end":{"line":55,"column":335}},"line":55},"23":{"name":"(anonymous_23)","decl":{"start":{"line":55,"column":267},"end":{"line":55,"column":272}},"loc":{"start":{"line":55,"column":281},"end":{"line":55,"column":334}},"line":55},"24":{"name":"(anonymous_24)","decl":{"start":{"line":55,"column":453},"end":{"line":55,"column":470}},"loc":{"start":{"line":55,"column":470},"end":{"line":55,"column":483}},"line":55},"25":{"name":"(anonymous_25)","decl":{"start":{"line":55,"column":678},"end":{"line":55,"column":695}},"loc":{"start":{"line":55,"column":695},"end":{"line":55,"column":708}},"line":55},"26":{"name":"(anonymous_26)","decl":{"start":{"line":56,"column":17},"end":{"line":56,"column":30}},"loc":{"start":{"line":56,"column":30},"end":{"line":56,"column":null}},"line":56},"27":{"name":"(anonymous_27)","decl":{"start":{"line":59,"column":23},"end":{"line":59,"column":35}},"loc":{"start":{"line":59,"column":35},"end":{"line":66,"column":null}},"line":59},"28":{"name":"(anonymous_28)","decl":{"start":{"line":67,"column":8},"end":{"line":67,"column":22}},"loc":{"start":{"line":67,"column":22},"end":{"line":67,"column":null}},"line":67},"29":{"name":"(anonymous_29)","decl":{"start":{"line":67,"column":22},"end":{"line":67,"column":54}},"loc":{"start":{"line":67,"column":67},"end":{"line":67,"column":null}},"line":67},"30":{"name":"(anonymous_30)","decl":{"start":{"line":69,"column":740},"end":{"line":69,"column":755}},"loc":{"start":{"line":69,"column":755},"end":{"line":69,"column":785}},"line":69},"31":{"name":"(anonymous_31)","decl":{"start":{"line":69,"column":1069},"end":{"line":69,"column":1085}},"loc":{"start":{"line":69,"column":1085},"end":{"line":69,"column":1107}},"line":69},"32":{"name":"(anonymous_32)","decl":{"start":{"line":69,"column":1794},"end":{"line":69,"column":1809}},"loc":{"start":{"line":69,"column":1809},"end":{"line":69,"column":1829}},"line":69},"33":{"name":"(anonymous_33)","decl":{"start":{"line":69,"column":1829},"end":{"line":69,"column":1840}},"loc":{"start":{"line":69,"column":1847},"end":{"line":69,"column":1875}},"line":69}},"branchMap":{"0":{"loc":{"start":{"line":14,"column":44},"end":{"line":14,"column":100}},"type":"binary-expr","locations":[{"start":{"line":14,"column":44},"end":{"line":14,"column":96}},{"start":{"line":14,"column":96},"end":{"line":14,"column":100}}],"line":14},"1":{"loc":{"start":{"line":15,"column":42},"end":{"line":15,"column":162}},"type":"if","locations":[{"start":{"line":15,"column":42},"end":{"line":15,"column":162}},{"start":{"line":15,"column":109},"end":{"line":15,"column":162}}],"line":15},"2":{"loc":{"start":{"line":32,"column":237},"end":{"line":32,"column":337}},"type":"cond-expr","locations":[{"start":{"line":32,"column":296},"end":{"line":32,"column":306}},{"start":{"line":32,"column":306},"end":{"line":32,"column":337}}],"line":32},"3":{"loc":{"start":{"line":32,"column":306},"end":{"line":32,"column":337}},"type":"binary-expr","locations":[{"start":{"line":32,"column":306},"end":{"line":32,"column":335}},{"start":{"line":32,"column":335},"end":{"line":32,"column":337}}],"line":32},"4":{"loc":{"start":{"line":33,"column":36},"end":{"line":33,"column":118}},"type":"cond-expr","locations":[{"start":{"line":33,"column":61},"end":{"line":33,"column":77}},{"start":{"line":33,"column":77},"end":{"line":33,"column":118}}],"line":33},"5":{"loc":{"start":{"line":39,"column":36},"end":{"line":39,"column":118}},"type":"cond-expr","locations":[{"start":{"line":39,"column":61},"end":{"line":39,"column":77}},{"start":{"line":39,"column":77},"end":{"line":39,"column":118}}],"line":39},"6":{"loc":{"start":{"line":44,"column":97},"end":{"line":44,"column":217}},"type":"if","locations":[{"start":{"line":44,"column":97},"end":{"line":44,"column":217}},{"start":{},"end":{}}],"line":44},"7":{"loc":{"start":{"line":44,"column":159},"end":{"line":44,"column":212}},"type":"cond-expr","locations":[{"start":{"line":44,"column":198},"end":{"line":44,"column":210}},{"start":{"line":44,"column":210},"end":{"line":44,"column":212}}],"line":44},"8":{"loc":{"start":{"line":45,"column":20},"end":{"line":45,"column":307}},"type":"if","locations":[{"start":{"line":45,"column":20},"end":{"line":45,"column":307}},{"start":{},"end":{}}],"line":45},"9":{"loc":{"start":{"line":45,"column":24},"end":{"line":45,"column":119}},"type":"binary-expr","locations":[{"start":{"line":45,"column":24},"end":{"line":45,"column":54}},{"start":{"line":45,"column":54},"end":{"line":45,"column":119}}],"line":45},"10":{"loc":{"start":{"line":45,"column":56},"end":{"line":45,"column":119}},"type":"binary-expr","locations":[{"start":{"line":45,"column":56},"end":{"line":45,"column":89}},{"start":{"line":45,"column":89},"end":{"line":45,"column":119}}],"line":45},"11":{"loc":{"start":{"line":45,"column":136},"end":{"line":45,"column":218}},"type":"cond-expr","locations":[{"start":{"line":45,"column":161},"end":{"line":45,"column":177}},{"start":{"line":45,"column":177},"end":{"line":45,"column":218}}],"line":45},"12":{"loc":{"start":{"line":45,"column":221},"end":{"line":45,"column":305}},"type":"if","locations":[{"start":{"line":45,"column":221},"end":{"line":45,"column":305}},{"start":{},"end":{}}],"line":45},"13":{"loc":{"start":{"line":46,"column":14},"end":{"line":46,"column":94}},"type":"if","locations":[{"start":{"line":46,"column":14},"end":{"line":46,"column":94}},{"start":{},"end":{}}],"line":46},"14":{"loc":{"start":{"line":46,"column":94},"end":{"line":46,"column":151}},"type":"if","locations":[{"start":{"line":46,"column":94},"end":{"line":46,"column":151}},{"start":{},"end":{}}],"line":46},"15":{"loc":{"start":{"line":50,"column":123},"end":{"line":50,"column":242}},"type":"cond-expr","locations":[{"start":{"line":50,"column":172},"end":{"line":50,"column":179}},{"start":{"line":50,"column":179},"end":{"line":50,"column":242}}],"line":50},"16":{"loc":{"start":{"line":50,"column":123},"end":{"line":50,"column":172}},"type":"binary-expr","locations":[{"start":{"line":50,"column":123},"end":{"line":50,"column":131}},{"start":{"line":50,"column":131},"end":{"line":50,"column":172}}],"line":50},"17":{"loc":{"start":{"line":50,"column":242},"end":{"line":50,"column":275}},"type":"if","locations":[{"start":{"line":50,"column":242},"end":{"line":50,"column":275}},{"start":{},"end":{}}],"line":50},"18":{"loc":{"start":{"line":50,"column":246},"end":{"line":50,"column":263}},"type":"binary-expr","locations":[{"start":{"line":50,"column":246},"end":{"line":50,"column":254}},{"start":{"line":50,"column":254},"end":{"line":50,"column":263}}],"line":50},"19":{"loc":{"start":{"line":50,"column":275},"end":{"line":50,"column":318}},"type":"if","locations":[{"start":{"line":50,"column":275},"end":{"line":50,"column":318}},{"start":{},"end":{}}],"line":50},"20":{"loc":{"start":{"line":51,"column":20},"end":{"line":51,"column":48}},"type":"if","locations":[{"start":{"line":51,"column":20},"end":{"line":51,"column":48}},{"start":{},"end":{}}],"line":51},"21":{"loc":{"start":{"line":51,"column":74},"end":{"line":51,"column":176}},"type":"cond-expr","locations":[{"start":{"line":51,"column":126},"end":{"line":51,"column":134}},{"start":{"line":51,"column":134},"end":{"line":51,"column":176}}],"line":51},"22":{"loc":{"start":{"line":51,"column":134},"end":{"line":51,"column":176}},"type":"binary-expr","locations":[{"start":{"line":51,"column":134},"end":{"line":51,"column":174}},{"start":{"line":51,"column":174},"end":{"line":51,"column":176}}],"line":51},"23":{"loc":{"start":{"line":51,"column":202},"end":{"line":51,"column":298}},"type":"cond-expr","locations":[{"start":{"line":51,"column":251},"end":{"line":51,"column":259}},{"start":{"line":51,"column":259},"end":{"line":51,"column":298}}],"line":51},"24":{"loc":{"start":{"line":51,"column":259},"end":{"line":51,"column":298}},"type":"binary-expr","locations":[{"start":{"line":51,"column":259},"end":{"line":51,"column":296}},{"start":{"line":51,"column":296},"end":{"line":51,"column":298}}],"line":51},"25":{"loc":{"start":{"line":51,"column":323},"end":{"line":51,"column":419}},"type":"cond-expr","locations":[{"start":{"line":51,"column":372},"end":{"line":51,"column":380}},{"start":{"line":51,"column":380},"end":{"line":51,"column":419}}],"line":51},"26":{"loc":{"start":{"line":51,"column":380},"end":{"line":51,"column":419}},"type":"binary-expr","locations":[{"start":{"line":51,"column":380},"end":{"line":51,"column":417}},{"start":{"line":51,"column":417},"end":{"line":51,"column":419}}],"line":51},"27":{"loc":{"start":{"line":53,"column":4},"end":{"line":53,"column":null}},"type":"if","locations":[{"start":{"line":53,"column":4},"end":{"line":53,"column":null}},{"start":{},"end":{}}],"line":53},"28":{"loc":{"start":{"line":53,"column":8},"end":{"line":53,"column":57}},"type":"binary-expr","locations":[{"start":{"line":53,"column":8},"end":{"line":53,"column":19}},{"start":{"line":53,"column":19},"end":{"line":53,"column":57}}],"line":53},"29":{"loc":{"start":{"line":55,"column":31},"end":{"line":55,"column":73}},"type":"if","locations":[{"start":{"line":55,"column":31},"end":{"line":55,"column":73}},{"start":{},"end":{}}],"line":55},"30":{"loc":{"start":{"line":55,"column":35},"end":{"line":55,"column":65}},"type":"binary-expr","locations":[{"start":{"line":55,"column":35},"end":{"line":55,"column":48}},{"start":{"line":55,"column":48},"end":{"line":55,"column":65}}],"line":55},"31":{"loc":{"start":{"line":55,"column":197},"end":{"line":55,"column":220}},"type":"if","locations":[{"start":{"line":55,"column":197},"end":{"line":55,"column":220}},{"start":{},"end":{}}],"line":55},"32":{"loc":{"start":{"line":55,"column":281},"end":{"line":55,"column":334}},"type":"cond-expr","locations":[{"start":{"line":55,"column":305},"end":{"line":55,"column":330}},{"start":{"line":55,"column":330},"end":{"line":55,"column":334}}],"line":55},"33":{"loc":{"start":{"line":55,"column":338},"end":{"line":55,"column":424}},"type":"if","locations":[{"start":{"line":55,"column":338},"end":{"line":55,"column":424}},{"start":{},"end":{}}],"line":55},"34":{"loc":{"start":{"line":55,"column":564},"end":{"line":55,"column":773}},"type":"if","locations":[{"start":{"line":55,"column":564},"end":{"line":55,"column":773}},{"start":{},"end":{}}],"line":55},"35":{"loc":{"start":{"line":55,"column":568},"end":{"line":55,"column":647}},"type":"binary-expr","locations":[{"start":{"line":55,"column":568},"end":{"line":55,"column":582}},{"start":{"line":55,"column":582},"end":{"line":55,"column":647}}],"line":55},"36":{"loc":{"start":{"line":55,"column":584},"end":{"line":55,"column":647}},"type":"binary-expr","locations":[{"start":{"line":55,"column":584},"end":{"line":55,"column":617}},{"start":{"line":55,"column":617},"end":{"line":55,"column":647}}],"line":55},"37":{"loc":{"start":{"line":60,"column":4},"end":{"line":60,"column":null}},"type":"if","locations":[{"start":{"line":60,"column":4},"end":{"line":60,"column":null}},{"start":{},"end":{}}],"line":60},"38":{"loc":{"start":{"line":60,"column":8},"end":{"line":60,"column":262}},"type":"binary-expr","locations":[{"start":{"line":60,"column":8},"end":{"line":60,"column":26}},{"start":{"line":60,"column":26},"end":{"line":60,"column":40}},{"start":{"line":60,"column":40},"end":{"line":60,"column":70}},{"start":{"line":60,"column":70},"end":{"line":60,"column":97}},{"start":{"line":60,"column":97},"end":{"line":60,"column":144}},{"start":{"line":60,"column":144},"end":{"line":60,"column":173}},{"start":{"line":60,"column":173},"end":{"line":60,"column":214}},{"start":{"line":60,"column":214},"end":{"line":60,"column":262}}],"line":60},"39":{"loc":{"start":{"line":61,"column":30},"end":{"line":61,"column":null}},"type":"binary-expr","locations":[{"start":{"line":61,"column":30},"end":{"line":61,"column":44}},{"start":{"line":61,"column":44},"end":{"line":61,"column":null}}],"line":61},"40":{"loc":{"start":{"line":64,"column":35},"end":{"line":64,"column":117}},"type":"cond-expr","locations":[{"start":{"line":64,"column":60},"end":{"line":64,"column":76}},{"start":{"line":64,"column":76},"end":{"line":64,"column":117}}],"line":64},"41":{"loc":{"start":{"line":69,"column":1109},"end":{"line":69,"column":1509}},"type":"cond-expr","locations":[{"start":{"line":69,"column":1118},"end":{"line":69,"column":1509}},{"start":{"line":69,"column":1503},"end":{"line":69,"column":1509}}],"line":69},"42":{"loc":{"start":{"line":69,"column":1254},"end":{"line":69,"column":1406}},"type":"cond-expr","locations":[{"start":{"line":69,"column":1294},"end":{"line":69,"column":1406}},{"start":{"line":69,"column":1400},"end":{"line":69,"column":1406}}],"line":69},"43":{"loc":{"start":{"line":69,"column":1406},"end":{"line":69,"column":1499}},"type":"cond-expr","locations":[{"start":{"line":69,"column":1422},"end":{"line":69,"column":1499}},{"start":{"line":69,"column":1485},"end":{"line":69,"column":1499}}],"line":69},"44":{"loc":{"start":{"line":69,"column":1509},"end":{"line":69,"column":1588}},"type":"cond-expr","locations":[{"start":{"line":69,"column":1523},"end":{"line":69,"column":1588}},{"start":{"line":69,"column":1578},"end":{"line":69,"column":1588}}],"line":69}},"s":{"0":1,"1":4,"2":4,"3":0,"4":1,"5":4,"6":4,"7":2,"8":2,"9":34,"10":34,"11":34,"12":34,"13":34,"14":34,"15":34,"16":34,"17":34,"18":34,"19":34,"20":34,"21":34,"22":34,"23":34,"24":34,"25":34,"26":34,"27":34,"28":34,"29":34,"30":34,"31":8,"32":4,"33":34,"34":4,"35":4,"36":4,"37":4,"38":4,"39":4,"40":4,"41":4,"42":4,"43":4,"44":4,"45":0,"46":4,"47":34,"48":5,"49":5,"50":5,"51":5,"52":5,"53":5,"54":0,"55":0,"56":5,"57":34,"58":3,"59":3,"60":3,"61":3,"62":3,"63":3,"64":3,"65":3,"66":2,"67":2,"68":2,"69":0,"70":0,"71":0,"72":0,"73":2,"74":2,"75":2,"76":2,"77":34,"78":4,"79":4,"80":34,"81":4,"82":4,"83":4,"84":4,"85":2,"86":2,"87":4,"88":1,"89":4,"90":2,"91":34,"92":8,"93":4,"94":4,"95":4,"96":4,"97":4,"98":4,"99":4,"100":34,"101":6,"102":5,"103":1,"104":1,"105":1,"106":1,"107":1,"108":1,"109":1,"110":0,"111":1,"112":1,"113":1,"114":1,"115":0,"116":1,"117":1,"118":1,"119":2,"120":1,"121":0,"122":0,"123":0,"124":1,"125":1,"126":0,"127":0,"128":0,"129":0,"130":0,"131":1,"132":1,"133":1,"134":1,"135":1,"136":1,"137":34,"138":2,"139":1,"140":1,"141":2,"142":2,"143":2,"144":2,"145":2,"146":1,"147":1,"148":1,"149":1,"150":0,"151":1,"152":1,"153":34,"154":170,"155":12,"156":12,"157":34,"158":0,"159":2,"160":0,"161":0},"f":{"0":4,"1":4,"2":34,"3":8,"4":4,"5":4,"6":4,"7":4,"8":4,"9":5,"10":3,"11":8,"12":4,"13":4,"14":2,"15":2,"16":8,"17":4,"18":4,"19":4,"20":6,"21":1,"22":1,"23":2,"24":0,"25":0,"26":1,"27":2,"28":170,"29":12,"30":0,"31":2,"32":0,"33":0},"b":{"0":[4,2],"1":[2,2],"2":[0,4],"3":[4,0],"4":[0,0],"5":[0,0],"6":[2,0],"7":[1,1],"8":[0,0],"9":[0,0],"10":[0,0],"11":[0,0],"12":[0,0],"13":[2,0],"14":[2,0],"15":[1,3],"16":[4,2],"17":[1,3],"18":[4,2],"19":[2,2],"20":[4,4],"21":[0,4],"22":[4,0],"23":[0,4],"24":[4,0],"25":[0,4],"26":[4,0],"27":[5,1],"28":[6,2],"29":[0,1],"30":[1,1],"31":[0,1],"32":[1,1],"33":[0,1],"34":[0,0],"35":[0,0],"36":[0,0],"37":[1,1],"38":[2,2,2,2,1,1,1,1],"39":[1,0],"40":[0,0],"41":[5,29],"42":[3,2],"43":[0,5],"44":[0,34]},"meta":{"lastBranch":45,"lastFunction":34,"lastStatement":162,"seen":{"s:14:6:14:Infinity":0,"f:14:6:14:29":0,"s:14:31:14:123":1,"s:14:37:14:100":2,"b:14:44:14:96:14:96:14:100":0,"s:14:110:14:121":3,"s:15:6:15:Infinity":4,"f:15:6:15:18":1,"s:15:36:15:207":5,"b:15:42:15:162:15:109:15:162":1,"s:15:42:15:162":6,"s:15:50:15:109":7,"s:15:109:15:162":8,"f:17:24:17:44":2,"s:18:30:18:Infinity":9,"s:19:46:19:Infinity":10,"s:20:46:20:62":11,"s:20:102:20:Infinity":12,"s:21:32:21:Infinity":13,"s:22:46:22:62":14,"s:22:102:22:Infinity":15,"s:23:30:23:Infinity":16,"s:24:44:24:61":17,"s:24:99:24:Infinity":18,"s:25:34:25:48":19,"s:25:76:25:Infinity":20,"s:26:40:26:54":21,"s:26:86:26:100":22,"s:26:130:26:144":23,"s:26:180:26:Infinity":24,"s:27:25:27:54":25,"s:27:74:27:103":26,"s:27:129:27:167":27,"s:27:193:27:208":28,"s:27:232:27:Infinity":29,"s:28:24:28:Infinity":30,"f:28:24:28:38":3,"s:28:38:28:94":31,"f:28:45:28:51":4,"s:28:61:28:91":32,"s:30:22:35:Infinity":33,"f:30:34:30:46":5,"s:31:4:31:29":34,"s:31:29:31:Infinity":35,"s:32:4:34:Infinity":36,"s:32:23:32:71":37,"s:32:89:32:147":38,"f:32:101:32:109":6,"s:32:119:32:144":39,"s:32:147:32:190":40,"s:32:190:32:212":41,"s:32:212:32:340":42,"f:32:212:32:225":7,"s:32:237:32:337":43,"b:32:296:32:306:32:306:32:337":2,"f:32:247:32:253":8,"s:32:263:32:292":44,"b:32:306:32:335:32:335:32:337":3,"s:33:20:33:121":45,"b:33:61:33:77:33:77:33:118":4,"s:34:14:34:40":46,"s:36:22:41:Infinity":47,"f:36:34:36:46":9,"s:37:4:37:29":48,"s:37:29:37:Infinity":49,"s:38:4:40:Infinity":50,"s:38:23:38:76":51,"s:38:76:38:100":52,"s:38:100:38:119":53,"s:39:20:39:121":54,"b:39:61:39:77:39:77:39:118":5,"s:39:121:39:132":55,"s:40:14:40:40":56,"s:42:27:47:Infinity":57,"f:42:39:42:46":10,"s:43:4:43:40":58,"s:43:59:43:82":59,"s:43:82:43:122":60,"s:43:122:43:148":61,"s:43:148:43:172":62,"s:43:172:43:Infinity":63,"s:44:4:46:Infinity":64,"s:44:25:44:97":65,"b:44:97:44:217:undefined:undefined:undefined:undefined":6,"s:44:97:44:217":66,"s:44:131:44:150":67,"s:44:150:44:215":68,"b:44:198:44:210:44:210:44:212":7,"b:45:20:45:307:undefined:undefined:undefined:undefined":8,"s:45:20:45:307":69,"b:45:24:45:54:45:54:45:119":9,"b:45:56:45:89:45:89:45:119":10,"s:45:121:45:221":70,"b:45:161:45:177:45:177:45:218":11,"b:45:221:45:305:undefined:undefined:undefined:undefined":12,"s:45:221:45:305":71,"s:45:293:45:305":72,"b:46:14:46:94:undefined:undefined:undefined:undefined":13,"s:46:14:46:94":73,"s:46:60:46:94":74,"b:46:94:46:151:undefined:undefined:undefined:undefined":14,"s:46:94:46:151":75,"s:46:126:46:151":76,"s:49:2:49:Infinity":77,"f:49:2:49:24":11,"s:49:2:49:60":78,"s:49:24:49:60":79,"s:50:2:50:Infinity":80,"f:50:2:50:18":12,"s:50:20:50:40":81,"s:50:40:50:322":82,"f:50:59:50:65":13,"s:50:90:50:108":83,"s:50:123:50:242":84,"b:50:172:50:179:50:179:50:242":15,"b:50:123:50:131:50:131:50:172":16,"f:50:137:50:143":14,"s:50:152:50:168":85,"f:50:185:50:191":15,"s:50:200:50:235":86,"b:50:242:50:275:undefined:undefined:undefined:undefined":17,"s:50:242:50:275":87,"b:50:246:50:254:50:254:50:263":18,"s:50:263:50:275":88,"b:50:275:50:318:undefined:undefined:undefined:undefined":19,"s:50:275:50:318":89,"s:50:287:50:318":90,"s:51:2:51:Infinity":91,"f:51:2:51:18":16,"b:51:20:51:48:undefined:undefined:undefined:undefined":20,"s:51:20:51:48":92,"s:51:40:51:48":93,"s:51:48:51:179":94,"f:51:48:51:64":17,"s:51:74:51:176":95,"b:51:126:51:134:51:134:51:176":21,"b:51:134:51:174:51:174:51:176":22,"s:51:179:51:301":96,"f:51:179:51:192":18,"s:51:202:51:298":97,"b:51:251:51:259:51:259:51:298":23,"b:51:259:51:296:51:296:51:298":24,"s:51:301:51:422":98,"f:51:301:51:313":19,"s:51:323:51:419":99,"b:51:372:51:380:51:380:51:419":25,"b:51:380:51:417:51:417:51:419":26,"s:52:2:57:Infinity":100,"f:52:2:52:18":20,"b:53:4:53:Infinity:undefined:undefined:undefined:undefined":27,"s:53:4:53:Infinity":101,"b:53:8:53:19:53:19:53:57":28,"s:53:57:53:Infinity":102,"s:54:20:54:27":103,"s:54:39:54:42":104,"s:54:56:54:59":105,"s:54:81:54:88":106,"s:54:107:54:Infinity":107,"s:55:17:55:Infinity":108,"f:55:17:55:29":21,"b:55:31:55:73:undefined:undefined:undefined:undefined":29,"s:55:31:55:73":109,"b:55:35:55:48:55:48:55:65":30,"s:55:65:55:73":110,"s:55:73:55:97":111,"s:55:97:55:812":112,"s:55:118:55:197":113,"b:55:197:55:220:undefined:undefined:undefined:undefined":31,"s:55:197:55:220":114,"s:55:212:55:220":115,"s:55:220:55:239":116,"s:55:239:55:338":117,"f:55:239:55:251":22,"s:55:261:55:335":118,"f:55:267:55:272":23,"s:55:281:55:334":119,"b:55:305:55:330:55:330:55:334":32,"b:55:338:55:424:undefined:undefined:undefined:undefined":33,"s:55:338:55:424":120,"s:55:382:55:394":121,"s:55:394:55:414":122,"s:55:414:55:422":123,"s:55:424:55:438":124,"s:55:438:55:546":125,"f:55:453:55:470":24,"s:55:470:55:483":126,"b:55:564:55:773:undefined:undefined:undefined:undefined":34,"s:55:564:55:773":127,"b:55:568:55:582:55:582:55:647":35,"b:55:584:55:617:55:617:55:647":36,"s:55:649:55:663":128,"s:55:663:55:771":129,"f:55:678:55:695":25,"s:55:695:55:708":130,"s:55:785:55:810":131,"s:56:4:56:17":132,"s:56:17:56:Infinity":133,"f:56:17:56:30":26,"s:56:32:56:50":134,"s:56:50:56:70":135,"s:56:70:56:98":136,"s:59:23:66:Infinity":137,"f:59:23:59:35":27,"b:60:4:60:Infinity:undefined:undefined:undefined:undefined":37,"s:60:4:60:Infinity":138,"b:60:8:60:26:60:26:60:40:60:40:60:70:60:70:60:97:60:97:60:144:60:144:60:173:60:173:60:214:60:214:60:262":38,"s:60:262:60:Infinity":139,"s:61:4:61:Infinity":140,"b:61:30:61:44:61:44:61:Infinity":39,"s:62:4:62:38":141,"s:62:38:62:59":142,"s:62:59:62:Infinity":143,"s:63:4:65:Infinity":144,"s:63:27:63:195":145,"s:63:195:63:241":146,"s:63:241:63:274":147,"s:63:274:63:295":148,"s:63:295:63:342":149,"s:64:20:64:120":150,"b:64:60:64:76:64:76:64:117":40,"s:65:14:65:49":151,"s:65:49:65:71":152,"s:67:8:67:Infinity":153,"f:67:8:67:22":28,"s:67:22:67:Infinity":154,"f:67:22:67:54":29,"s:67:69:67:115":155,"s:67:115:67:130":156,"s:69:2:69:Infinity":157,"f:69:740:69:755":30,"s:69:755:69:785":158,"f:69:1069:69:1085":31,"s:69:1085:69:1107":159,"b:69:1118:69:1509:69:1503:69:1509":41,"b:69:1294:69:1406:69:1400:69:1406":42,"b:69:1422:69:1499:69:1485:69:1499":43,"b:69:1523:69:1588:69:1578:69:1588":44,"f:69:1794:69:1809":32,"s:69:1809:69:1829":160,"f:69:1829:69:1840":33,"s:69:1847:69:1875":161},"fnNames":{}}}
,"D:\\PROGEs\\chatBot\\frontend\\src\\video-generation\\VideoGenerationPlayer.tsx": {"path":"D:\\PROGEs\\chatBot\\frontend\\src\\video-generation\\VideoGenerationPlayer.tsx","statementMap":{"0":{"start":{"line":7,"column":34},"end":{"line":7,"column":51}},"1":{"start":{"line":7,"column":77},"end":{"line":7,"column":91}},"2":{"start":{"line":7,"column":129},"end":{"line":7,"column":null}},"3":{"start":{"line":8,"column":16},"end":{"line":8,"column":null}},"4":{"start":{"line":9,"column":2},"end":{"line":9,"column":null}},"5":{"start":{"line":9,"column":33},"end":{"line":9,"column":39}},"6":{"start":{"line":9,"column":58},"end":{"line":9,"column":81}},"7":{"start":{"line":9,"column":81},"end":{"line":9,"column":101}},"8":{"start":{"line":9,"column":101},"end":{"line":9,"column":115}},"9":{"start":{"line":9,"column":115},"end":{"line":9,"column":461}},"10":{"start":{"line":9,"column":140},"end":{"line":9,"column":461}},"11":{"start":{"line":9,"column":230},"end":{"line":9,"column":261}},"12":{"start":{"line":9,"column":242},"end":{"line":9,"column":261}},"13":{"start":{"line":9,"column":293},"end":{"line":9,"column":457}},"14":{"start":{"line":9,"column":374},"end":{"line":9,"column":457}},"15":{"start":{"line":9,"column":461},"end":{"line":9,"column":515}},"16":{"start":{"line":9,"column":476},"end":{"line":9,"column":492}},"17":{"start":{"line":9,"column":492},"end":{"line":9,"column":512}},"18":{"start":{"line":10,"column":2},"end":{"line":10,"column":null}},"19":{"start":{"line":10,"column":19},"end":{"line":10,"column":null}},"20":{"start":{"line":11,"column":2},"end":{"line":11,"column":null}},"21":{"start":{"line":11,"column":14},"end":{"line":11,"column":null}},"22":{"start":{"line":12,"column":21},"end":{"line":12,"column":79}},"23":{"start":{"line":12,"column":99},"end":{"line":12,"column":null}},"24":{"start":{"line":13,"column":19},"end":{"line":13,"column":null}},"25":{"start":{"line":13,"column":33},"end":{"line":13,"column":55}},"26":{"start":{"line":13,"column":55},"end":{"line":13,"column":69}},"27":{"start":{"line":13,"column":69},"end":{"line":13,"column":314}},"28":{"start":{"line":13,"column":75},"end":{"line":13,"column":140}},"29":{"start":{"line":13,"column":140},"end":{"line":13,"column":177}},"30":{"start":{"line":13,"column":196},"end":{"line":13,"column":277}},"31":{"start":{"line":13,"column":289},"end":{"line":13,"column":312}},"32":{"start":{"line":14,"column":2},"end":{"line":14,"column":null}},"33":{"start":{"line":14,"column":353},"end":{"line":14,"column":411}},"34":{"start":{"line":14,"column":658},"end":{"line":14,"column":675}}},"fnMap":{"0":{"name":"VideoGenerationPlayer","decl":{"start":{"line":6,"column":24},"end":{"line":6,"column":46}},"loc":{"start":{"line":6,"column":108},"end":{"line":15,"column":null}},"line":6},"1":{"name":"(anonymous_1)","decl":{"start":{"line":9,"column":2},"end":{"line":9,"column":18}},"loc":{"start":{"line":9,"column":18},"end":{"line":9,"column":518}},"line":9},"2":{"name":"(anonymous_2)","decl":{"start":{"line":9,"column":217},"end":{"line":9,"column":228}},"loc":{"start":{"line":9,"column":228},"end":{"line":9,"column":262}},"line":9},"3":{"name":"(anonymous_3)","decl":{"start":{"line":9,"column":264},"end":{"line":9,"column":271}},"loc":{"start":{"line":9,"column":291},"end":{"line":9,"column":458}},"line":9},"4":{"name":"(anonymous_4)","decl":{"start":{"line":9,"column":461},"end":{"line":9,"column":474}},"loc":{"start":{"line":9,"column":474},"end":{"line":9,"column":515}},"line":9},"5":{"name":"(anonymous_5)","decl":{"start":{"line":13,"column":19},"end":{"line":13,"column":31}},"loc":{"start":{"line":13,"column":31},"end":{"line":13,"column":null}},"line":13},"6":{"name":"(anonymous_6)","decl":{"start":{"line":14,"column":338},"end":{"line":14,"column":353}},"loc":{"start":{"line":14,"column":353},"end":{"line":14,"column":411}},"line":14},"7":{"name":"(anonymous_7)","decl":{"start":{"line":14,"column":643},"end":{"line":14,"column":658}},"loc":{"start":{"line":14,"column":658},"end":{"line":14,"column":675}},"line":14}},"branchMap":{"0":{"loc":{"start":{"line":8,"column":16},"end":{"line":8,"column":null}},"type":"binary-expr","locations":[{"start":{"line":8,"column":16},"end":{"line":8,"column":54}},{"start":{"line":8,"column":54},"end":{"line":8,"column":null}}],"line":8},"1":{"loc":{"start":{"line":9,"column":115},"end":{"line":9,"column":461}},"type":"if","locations":[{"start":{"line":9,"column":115},"end":{"line":9,"column":461}},{"start":{},"end":{}}],"line":9},"2":{"loc":{"start":{"line":9,"column":119},"end":{"line":9,"column":140}},"type":"binary-expr","locations":[{"start":{"line":9,"column":119},"end":{"line":9,"column":128}},{"start":{"line":9,"column":128},"end":{"line":9,"column":140}}],"line":9},"3":{"loc":{"start":{"line":9,"column":230},"end":{"line":9,"column":261}},"type":"if","locations":[{"start":{"line":9,"column":230},"end":{"line":9,"column":261}},{"start":{},"end":{}}],"line":9},"4":{"loc":{"start":{"line":9,"column":293},"end":{"line":9,"column":457}},"type":"if","locations":[{"start":{"line":9,"column":293},"end":{"line":9,"column":457}},{"start":{},"end":{}}],"line":9},"5":{"loc":{"start":{"line":9,"column":297},"end":{"line":9,"column":374}},"type":"binary-expr","locations":[{"start":{"line":9,"column":297},"end":{"line":9,"column":307}},{"start":{"line":9,"column":307},"end":{"line":9,"column":374}}],"line":9},"6":{"loc":{"start":{"line":9,"column":309},"end":{"line":9,"column":374}},"type":"binary-expr","locations":[{"start":{"line":9,"column":309},"end":{"line":9,"column":343}},{"start":{"line":9,"column":343},"end":{"line":9,"column":374}}],"line":9},"7":{"loc":{"start":{"line":9,"column":383},"end":{"line":9,"column":454}},"type":"cond-expr","locations":[{"start":{"line":9,"column":409},"end":{"line":9,"column":426}},{"start":{"line":9,"column":426},"end":{"line":9,"column":454}}],"line":9},"8":{"loc":{"start":{"line":10,"column":2},"end":{"line":10,"column":null}},"type":"if","locations":[{"start":{"line":10,"column":2},"end":{"line":10,"column":null}},{"start":{},"end":{}}],"line":10},"9":{"loc":{"start":{"line":11,"column":2},"end":{"line":11,"column":null}},"type":"if","locations":[{"start":{"line":11,"column":2},"end":{"line":11,"column":null}},{"start":{},"end":{}}],"line":11},"10":{"loc":{"start":{"line":13,"column":205},"end":{"line":13,"column":274}},"type":"cond-expr","locations":[{"start":{"line":13,"column":231},"end":{"line":13,"column":248}},{"start":{"line":13,"column":248},"end":{"line":13,"column":274}}],"line":13},"11":{"loc":{"start":{"line":14,"column":174},"end":{"line":14,"column":543}},"type":"cond-expr","locations":[{"start":{"line":14,"column":182},"end":{"line":14,"column":242}},{"start":{"line":14,"column":231},"end":{"line":14,"column":543}}],"line":14},"12":{"loc":{"start":{"line":14,"column":231},"end":{"line":14,"column":543}},"type":"cond-expr","locations":[{"start":{"line":14,"column":242},"end":{"line":14,"column":464}},{"start":{"line":14,"column":463},"end":{"line":14,"column":543}}],"line":14},"13":{"loc":{"start":{"line":14,"column":595},"end":{"line":14,"column":621}},"type":"binary-expr","locations":[{"start":{"line":14,"column":595},"end":{"line":14,"column":608}},{"start":{"line":14,"column":608},"end":{"line":14,"column":621}}],"line":14}},"s":{"0":46,"1":46,"2":46,"3":46,"4":46,"5":11,"6":11,"7":11,"8":11,"9":11,"10":5,"11":4,"12":4,"13":1,"14":1,"15":11,"16":11,"17":11,"18":46,"19":29,"20":17,"21":4,"22":13,"23":13,"24":13,"25":1,"26":1,"27":1,"28":1,"29":0,"30":0,"31":0,"32":13,"33":1,"34":1},"f":{"0":46,"1":11,"2":4,"3":1,"4":11,"5":1,"6":1,"7":1},"b":{"0":[46,13],"1":[5,6],"2":[11,5],"3":[4,0],"4":[1,0],"5":[1,1],"6":[1,0],"7":[1,0],"8":[29,17],"9":[4,13],"10":[0,0],"11":[2,11],"12":[6,5],"13":[46,7]},"meta":{"lastBranch":14,"lastFunction":8,"lastStatement":35,"seen":{"f:6:24:6:46":0,"s:7:34:7:51":0,"s:7:77:7:91":1,"s:7:129:7:Infinity":2,"s:8:16:8:Infinity":3,"b:8:16:8:54:8:54:8:Infinity":0,"s:9:2:9:Infinity":4,"f:9:2:9:18":1,"s:9:33:9:39":5,"s:9:58:9:81":6,"s:9:81:9:101":7,"s:9:101:9:115":8,"b:9:115:9:461:undefined:undefined:undefined:undefined":1,"s:9:115:9:461":9,"b:9:119:9:128:9:128:9:140":2,"s:9:140:9:461":10,"f:9:217:9:228":2,"b:9:230:9:261:undefined:undefined:undefined:undefined":3,"s:9:230:9:261":11,"s:9:242:9:261":12,"f:9:264:9:271":3,"b:9:293:9:457:undefined:undefined:undefined:undefined":4,"s:9:293:9:457":13,"b:9:297:9:307:9:307:9:374":5,"b:9:309:9:343:9:343:9:374":6,"s:9:374:9:457":14,"b:9:409:9:426:9:426:9:454":7,"s:9:461:9:515":15,"f:9:461:9:474":4,"s:9:476:9:492":16,"s:9:492:9:512":17,"b:10:2:10:Infinity:undefined:undefined:undefined:undefined":8,"s:10:2:10:Infinity":18,"s:10:19:10:Infinity":19,"b:11:2:11:Infinity:undefined:undefined:undefined:undefined":9,"s:11:2:11:Infinity":20,"s:11:14:11:Infinity":21,"s:12:21:12:79":22,"s:12:99:12:Infinity":23,"s:13:19:13:Infinity":24,"f:13:19:13:31":5,"s:13:33:13:55":25,"s:13:55:13:69":26,"s:13:69:13:314":27,"s:13:75:13:140":28,"s:13:140:13:177":29,"s:13:196:13:277":30,"b:13:231:13:248:13:248:13:274":10,"s:13:289:13:312":31,"s:14:2:14:Infinity":32,"b:14:182:14:242:14:231:14:543":11,"b:14:242:14:464:14:463:14:543":12,"f:14:338:14:353":6,"s:14:353:14:411":33,"b:14:595:14:608:14:608:14:621":13,"f:14:643:14:658":7,"s:14:658:14:675":34},"fnNames":{}}}
,"D:\\PROGEs\\chatBot\\frontend\\src\\video-generation\\VideoGenerationStatus.tsx": {"path":"D:\\PROGEs\\chatBot\\frontend\\src\\video-generation\\VideoGenerationStatus.tsx","statementMap":{"0":{"start":{"line":5,"column":21},"end":{"line":5,"column":null}},"1":{"start":{"line":6,"column":18},"end":{"line":6,"column":null}},"2":{"start":{"line":7,"column":2},"end":{"line":7,"column":null}}},"fnMap":{"0":{"name":"VideoGenerationStatus","decl":{"start":{"line":4,"column":24},"end":{"line":4,"column":46}},"loc":{"start":{"line":4,"column":108},"end":{"line":8,"column":null}},"line":4}},"branchMap":{"0":{"loc":{"start":{"line":4,"column":56},"end":{"line":4,"column":108}},"type":"default-arg","locations":[{"start":{"line":4,"column":63},"end":{"line":4,"column":108}}],"line":4},"1":{"loc":{"start":{"line":7,"column":81},"end":{"line":7,"column":111}},"type":"cond-expr","locations":[{"start":{"line":7,"column":88},"end":{"line":7,"column":99}},{"start":{"line":7,"column":99},"end":{"line":7,"column":111}}],"line":7},"2":{"loc":{"start":{"line":7,"column":111},"end":{"line":7,"column":191}},"type":"cond-expr","locations":[{"start":{"line":7,"column":121},"end":{"line":7,"column":191}},{"start":{"line":7,"column":185},"end":{"line":7,"column":191}}],"line":7}},"s":{"0":32,"1":32,"2":32},"f":{"0":32},"b":{"0":[32],"1":[15,17],"2":[23,9]},"meta":{"lastBranch":3,"lastFunction":1,"lastStatement":3,"seen":{"f:4:24:4:46":0,"b:4:63:4:108":0,"s:5:21:5:Infinity":0,"s:6:18:6:Infinity":1,"s:7:2:7:Infinity":2,"b:7:88:7:99:7:99:7:111":1,"b:7:121:7:191:7:185:7:191":2},"fnNames":{}}}
,"D:\\PROGEs\\chatBot\\frontend\\src\\video-generation\\video-generation.constants.ts": {"path":"D:\\PROGEs\\chatBot\\frontend\\src\\video-generation\\video-generation.constants.ts","statementMap":{"0":{"start":{"line":3,"column":39},"end":{"line":3,"column":null}},"1":{"start":{"line":4,"column":30},"end":{"line":4,"column":null}},"2":{"start":{"line":5,"column":42},"end":{"line":5,"column":null}},"3":{"start":{"line":6,"column":66},"end":{"line":8,"column":null}}},"fnMap":{},"branchMap":{},"s":{"0":2,"1":2,"2":2,"3":2},"f":{},"b":{},"meta":{"lastBranch":0,"lastFunction":0,"lastStatement":4,"seen":{"s:3:39:3:Infinity":0,"s:4:30:4:Infinity":1,"s:5:42:5:Infinity":2,"s:6:66:8:Infinity":3},"fnNames":{}}}
,"D:\\PROGEs\\chatBot\\frontend\\src\\video-generation\\video-generation.errors.ts": {"path":"D:\\PROGEs\\chatBot\\frontend\\src\\video-generation\\video-generation.errors.ts","statementMap":{"0":{"start":{"line":3,"column":68},"end":{"line":5,"column":null}},"1":{"start":{"line":8,"column":76},"end":{"line":15,"column":null}},"2":{"start":{"line":16,"column":16},"end":{"line":16,"column":null}},"3":{"start":{"line":17,"column":2},"end":{"line":17,"column":null}}},"fnMap":{"0":{"name":"createVideoGenerationError","decl":{"start":{"line":7,"column":16},"end":{"line":7,"column":43}},"loc":{"start":{"line":7,"column":98},"end":{"line":18,"column":null}},"line":7}},"branchMap":{"0":{"loc":{"start":{"line":16,"column":16},"end":{"line":16,"column":null}},"type":"cond-expr","locations":[{"start":{"line":16,"column":45},"end":{"line":16,"column":53}},{"start":{"line":16,"column":53},"end":{"line":16,"column":null}}],"line":16},"1":{"loc":{"start":{"line":16,"column":16},"end":{"line":16,"column":45}},"type":"binary-expr","locations":[{"start":{"line":16,"column":16},"end":{"line":16,"column":25}},{"start":{"line":16,"column":25},"end":{"line":16,"column":45}}],"line":16},"2":{"loc":{"start":{"line":16,"column":53},"end":{"line":16,"column":null}},"type":"binary-expr","locations":[{"start":{"line":16,"column":53},"end":{"line":16,"column":84}},{"start":{"line":16,"column":84},"end":{"line":16,"column":null}}],"line":16},"3":{"loc":{"start":{"line":16,"column":68},"end":{"line":16,"column":84}},"type":"binary-expr","locations":[{"start":{"line":16,"column":68},"end":{"line":16,"column":78}},{"start":{"line":16,"column":78},"end":{"line":16,"column":84}}],"line":16},"4":{"loc":{"start":{"line":17,"column":33},"end":{"line":17,"column":92}},"type":"binary-expr","locations":[{"start":{"line":17,"column":33},"end":{"line":17,"column":51}},{"start":{"line":17,"column":51},"end":{"line":17,"column":92}}],"line":17}},"s":{"0":4,"1":23,"2":23,"3":23},"f":{"0":23},"b":{"0":[14,9],"1":[23,15],"2":[9,3],"3":[9,3],"4":[23,3]},"meta":{"lastBranch":5,"lastFunction":1,"lastStatement":4,"seen":{"s:3:68:5:Infinity":0,"f:7:16:7:43":0,"s:8:76:15:Infinity":1,"s:16:16:16:Infinity":2,"b:16:45:16:53:16:53:16:Infinity":0,"b:16:16:16:25:16:25:16:45":1,"b:16:53:16:84:16:84:16:Infinity":2,"b:16:68:16:78:16:78:16:84":3,"s:17:2:17:Infinity":3,"b:17:33:17:51:17:51:17:92":4},"fnNames":{}}}
,"D:\\PROGEs\\chatBot\\frontend\\src\\video-generation\\video-generation.service.ts": {"path":"D:\\PROGEs\\chatBot\\frontend\\src\\video-generation\\video-generation.service.ts","statementMap":{"0":{"start":{"line":4,"column":6},"end":{"line":6,"column":null}},"1":{"start":{"line":5,"column":2},"end":{"line":5,"column":null}},"2":{"start":{"line":5,"column":22},"end":{"line":5,"column":63}},"3":{"start":{"line":5,"column":63},"end":{"line":5,"column":121}},"4":{"start":{"line":5,"column":131},"end":{"line":5,"column":142}},"5":{"start":{"line":9,"column":6},"end":{"line":9,"column":null}},"6":{"start":{"line":9,"column":71},"end":{"line":9,"column":null}},"7":{"start":{"line":10,"column":6},"end":{"line":10,"column":null}},"8":{"start":{"line":10,"column":49},"end":{"line":10,"column":null}},"9":{"start":{"line":11,"column":6},"end":{"line":11,"column":null}},"10":{"start":{"line":11,"column":71},"end":{"line":11,"column":null}},"11":{"start":{"line":11,"column":151},"end":{"line":11,"column":461}},"12":{"start":{"line":12,"column":6},"end":{"line":12,"column":null}},"13":{"start":{"line":12,"column":82},"end":{"line":12,"column":null}},"14":{"start":{"line":13,"column":6},"end":{"line":13,"column":null}},"15":{"start":{"line":13,"column":69},"end":{"line":13,"column":null}},"16":{"start":{"line":14,"column":6},"end":{"line":14,"column":null}},"17":{"start":{"line":14,"column":65},"end":{"line":14,"column":null}},"18":{"start":{"line":15,"column":6},"end":{"line":15,"column":null}},"19":{"start":{"line":15,"column":96},"end":{"line":15,"column":null}},"20":{"start":{"line":18,"column":18},"end":{"line":18,"column":null}},"21":{"start":{"line":19,"column":2},"end":{"line":19,"column":null}},"22":{"start":{"line":19,"column":59},"end":{"line":19,"column":83}},"23":{"start":{"line":21,"column":2},"end":{"line":22,"column":null}},"24":{"start":{"line":21,"column":8},"end":{"line":21,"column":83}},"25":{"start":{"line":22,"column":18},"end":{"line":22,"column":97}},"26":{"start":{"line":22,"column":84},"end":{"line":22,"column":97}},"27":{"start":{"line":22,"column":97},"end":{"line":22,"column":148}},"28":{"start":{"line":23,"column":24},"end":{"line":23,"column":null}},"29":{"start":{"line":23,"column":59},"end":{"line":23,"column":62}},"30":{"start":{"line":24,"column":2},"end":{"line":27,"column":null}},"31":{"start":{"line":25,"column":20},"end":{"line":25,"column":null}},"32":{"start":{"line":26,"column":4},"end":{"line":26,"column":null}},"33":{"start":{"line":28,"column":2},"end":{"line":28,"column":null}},"34":{"start":{"line":28,"column":24},"end":{"line":28,"column":null}},"35":{"start":{"line":29,"column":2},"end":{"line":29,"column":null}},"36":{"start":{"line":32,"column":38},"end":{"line":40,"column":null}},"37":{"start":{"line":33,"column":45},"end":{"line":33,"column":null}},"38":{"start":{"line":34,"column":100},"end":{"line":34,"column":null}},"39":{"start":{"line":35,"column":50},"end":{"line":35,"column":null}},"40":{"start":{"line":36,"column":70},"end":{"line":36,"column":null}},"41":{"start":{"line":37,"column":71},"end":{"line":37,"column":null}},"42":{"start":{"line":38,"column":48},"end":{"line":38,"column":null}},"43":{"start":{"line":39,"column":49},"end":{"line":39,"column":null}}},"fnMap":{"0":{"name":"(anonymous_0)","decl":{"start":{"line":4,"column":6},"end":{"line":4,"column":26}},"loc":{"start":{"line":4,"column":26},"end":{"line":6,"column":null}},"line":4},"1":{"name":"(anonymous_1)","decl":{"start":{"line":9,"column":6},"end":{"line":9,"column":18}},"loc":{"start":{"line":9,"column":71},"end":{"line":9,"column":null}},"line":9},"2":{"name":"(anonymous_2)","decl":{"start":{"line":10,"column":6},"end":{"line":10,"column":30}},"loc":{"start":{"line":10,"column":49},"end":{"line":10,"column":null}},"line":10},"3":{"name":"(anonymous_3)","decl":{"start":{"line":11,"column":6},"end":{"line":11,"column":19}},"loc":{"start":{"line":11,"column":71},"end":{"line":11,"column":null}},"line":11},"4":{"name":"(anonymous_4)","decl":{"start":{"line":11,"column":134},"end":{"line":11,"column":141}},"loc":{"start":{"line":11,"column":151},"end":{"line":11,"column":461}},"line":11},"5":{"name":"(anonymous_5)","decl":{"start":{"line":12,"column":6},"end":{"line":12,"column":16}},"loc":{"start":{"line":12,"column":82},"end":{"line":12,"column":null}},"line":12},"6":{"name":"(anonymous_6)","decl":{"start":{"line":13,"column":6},"end":{"line":13,"column":18}},"loc":{"start":{"line":13,"column":69},"end":{"line":13,"column":null}},"line":13},"7":{"name":"(anonymous_7)","decl":{"start":{"line":14,"column":6},"end":{"line":14,"column":18}},"loc":{"start":{"line":14,"column":65},"end":{"line":14,"column":null}},"line":14},"8":{"name":"(anonymous_8)","decl":{"start":{"line":15,"column":6},"end":{"line":15,"column":23}},"loc":{"start":{"line":15,"column":96},"end":{"line":15,"column":null}},"line":15},"9":{"name":"request","decl":{"start":{"line":17,"column":15},"end":{"line":17,"column":26}},"loc":{"start":{"line":17,"column":100},"end":{"line":30,"column":null}},"line":17},"10":{"name":"(anonymous_10)","decl":{"start":{"line":19,"column":32},"end":{"line":19,"column":41}},"loc":{"start":{"line":19,"column":59},"end":{"line":19,"column":83}},"line":19},"11":{"name":"(anonymous_11)","decl":{"start":{"line":23,"column":46},"end":{"line":23,"column":59}},"loc":{"start":{"line":23,"column":59},"end":{"line":23,"column":62}},"line":23},"12":{"name":"(anonymous_12)","decl":{"start":{"line":33,"column":2},"end":{"line":33,"column":20}},"loc":{"start":{"line":33,"column":45},"end":{"line":33,"column":null}},"line":33},"13":{"name":"(anonymous_13)","decl":{"start":{"line":34,"column":2},"end":{"line":34,"column":26}},"loc":{"start":{"line":34,"column":100},"end":{"line":34,"column":null}},"line":34},"14":{"name":"(anonymous_14)","decl":{"start":{"line":35,"column":2},"end":{"line":35,"column":25}},"loc":{"start":{"line":35,"column":50},"end":{"line":35,"column":null}},"line":35},"15":{"name":"(anonymous_15)","decl":{"start":{"line":36,"column":2},"end":{"line":36,"column":23}},"loc":{"start":{"line":36,"column":70},"end":{"line":36,"column":null}},"line":36},"16":{"name":"(anonymous_16)","decl":{"start":{"line":37,"column":2},"end":{"line":37,"column":24}},"loc":{"start":{"line":37,"column":71},"end":{"line":37,"column":null}},"line":37},"17":{"name":"(anonymous_17)","decl":{"start":{"line":38,"column":2},"end":{"line":38,"column":23}},"loc":{"start":{"line":38,"column":48},"end":{"line":38,"column":null}},"line":38},"18":{"name":"(anonymous_18)","decl":{"start":{"line":39,"column":2},"end":{"line":39,"column":24}},"loc":{"start":{"line":39,"column":49},"end":{"line":39,"column":null}},"line":39}},"branchMap":{"0":{"loc":{"start":{"line":5,"column":70},"end":{"line":5,"column":121}},"type":"cond-expr","locations":[{"start":{"line":5,"column":78},"end":{"line":5,"column":117}},{"start":{"line":5,"column":117},"end":{"line":5,"column":121}}],"line":5},"1":{"loc":{"start":{"line":9,"column":71},"end":{"line":9,"column":null}},"type":"binary-expr","locations":[{"start":{"line":9,"column":71},"end":{"line":9,"column":89}},{"start":{"line":9,"column":89},"end":{"line":9,"column":118}},{"start":{"line":9,"column":118},"end":{"line":9,"column":null}}],"line":9},"2":{"loc":{"start":{"line":10,"column":49},"end":{"line":10,"column":null}},"type":"binary-expr","locations":[{"start":{"line":10,"column":49},"end":{"line":10,"column":78}},{"start":{"line":10,"column":78},"end":{"line":10,"column":null}}],"line":10},"3":{"loc":{"start":{"line":11,"column":71},"end":{"line":11,"column":null}},"type":"binary-expr","locations":[{"start":{"line":11,"column":71},"end":{"line":11,"column":90}},{"start":{"line":11,"column":90},"end":{"line":11,"column":121}},{"start":{"line":11,"column":121},"end":{"line":11,"column":null}}],"line":11},"4":{"loc":{"start":{"line":11,"column":151},"end":{"line":11,"column":461}},"type":"binary-expr","locations":[{"start":{"line":11,"column":151},"end":{"line":11,"column":170}},{"start":{"line":11,"column":170},"end":{"line":11,"column":211}},{"start":{"line":11,"column":211},"end":{"line":11,"column":254}},{"start":{"line":11,"column":254},"end":{"line":11,"column":298}},{"start":{"line":11,"column":298},"end":{"line":11,"column":339}},{"start":{"line":11,"column":339},"end":{"line":11,"column":380}},{"start":{"line":11,"column":380},"end":{"line":11,"column":425}},{"start":{"line":11,"column":425},"end":{"line":11,"column":461}}],"line":11},"5":{"loc":{"start":{"line":12,"column":82},"end":{"line":12,"column":null}},"type":"binary-expr","locations":[{"start":{"line":12,"column":82},"end":{"line":12,"column":101}},{"start":{"line":12,"column":101},"end":{"line":12,"column":null}}],"line":12},"6":{"loc":{"start":{"line":13,"column":69},"end":{"line":13,"column":null}},"type":"binary-expr","locations":[{"start":{"line":13,"column":69},"end":{"line":13,"column":88}},{"start":{"line":13,"column":88},"end":{"line":13,"column":120}},{"start":{"line":13,"column":120},"end":{"line":13,"column":156}},{"start":{"line":13,"column":156},"end":{"line":13,"column":null}}],"line":13},"7":{"loc":{"start":{"line":14,"column":65},"end":{"line":14,"column":null}},"type":"binary-expr","locations":[{"start":{"line":14,"column":65},"end":{"line":14,"column":84}},{"start":{"line":14,"column":84},"end":{"line":14,"column":126}},{"start":{"line":14,"column":126},"end":{"line":14,"column":null}}],"line":14},"8":{"loc":{"start":{"line":15,"column":96},"end":{"line":15,"column":null}},"type":"binary-expr","locations":[{"start":{"line":15,"column":96},"end":{"line":15,"column":115}},{"start":{"line":15,"column":115},"end":{"line":15,"column":157}},{"start":{"line":15,"column":157},"end":{"line":15,"column":null}}],"line":15},"9":{"loc":{"start":{"line":17,"column":64},"end":{"line":17,"column":100}},"type":"default-arg","locations":[{"start":{"line":17,"column":84},"end":{"line":17,"column":100}}],"line":17},"10":{"loc":{"start":{"line":22,"column":18},"end":{"line":22,"column":97}},"type":"if","locations":[{"start":{"line":22,"column":18},"end":{"line":22,"column":97}},{"start":{},"end":{}}],"line":22},"11":{"loc":{"start":{"line":22,"column":22},"end":{"line":22,"column":84}},"type":"binary-expr","locations":[{"start":{"line":22,"column":22},"end":{"line":22,"column":55}},{"start":{"line":22,"column":55},"end":{"line":22,"column":84}}],"line":22},"12":{"loc":{"start":{"line":24,"column":2},"end":{"line":27,"column":null}},"type":"if","locations":[{"start":{"line":24,"column":2},"end":{"line":27,"column":null}},{"start":{},"end":{}}],"line":24},"13":{"loc":{"start":{"line":25,"column":20},"end":{"line":25,"column":null}},"type":"cond-expr","locations":[{"start":{"line":25,"column":55},"end":{"line":25,"column":84}},{"start":{"line":25,"column":84},"end":{"line":25,"column":null}}],"line":25},"14":{"loc":{"start":{"line":25,"column":20},"end":{"line":25,"column":55}},"type":"binary-expr","locations":[{"start":{"line":25,"column":20},"end":{"line":25,"column":28}},{"start":{"line":25,"column":28},"end":{"line":25,"column":55}}],"line":25},"15":{"loc":{"start":{"line":28,"column":2},"end":{"line":28,"column":null}},"type":"if","locations":[{"start":{"line":28,"column":2},"end":{"line":28,"column":null}},{"start":{},"end":{}}],"line":28}},"s":{"0":3,"1":13,"2":13,"3":13,"4":0,"5":3,"6":8,"7":3,"8":1,"9":3,"10":2,"11":2,"12":3,"13":1,"14":3,"15":1,"16":3,"17":1,"18":3,"19":1,"20":13,"21":13,"22":0,"23":13,"24":13,"25":1,"26":0,"27":1,"28":12,"29":0,"30":12,"31":6,"32":6,"33":6,"34":2,"35":4,"36":3,"37":9,"38":1,"39":1,"40":1,"41":1,"42":13,"43":14},"f":{"0":13,"1":8,"2":1,"3":2,"4":2,"5":1,"6":1,"7":1,"8":1,"9":13,"10":0,"11":0,"12":9,"13":1,"14":1,"15":1,"16":1,"17":13,"18":14},"b":{"0":[0,13],"1":[8,8,8],"2":[1,1],"3":[2,2,2],"4":[2,2,1,1,1,1,1,1],"5":[1,1],"6":[1,1,1,1],"7":[1,1,1],"8":[1,1,0],"9":[13],"10":[0,1],"11":[1,0],"12":[6,6],"13":[6,0],"14":[6,6],"15":[2,4]},"meta":{"lastBranch":16,"lastFunction":19,"lastStatement":44,"seen":{"s:4:6:6:Infinity":0,"f:4:6:4:26":0,"s:5:2:5:Infinity":1,"s:5:22:5:63":2,"s:5:63:5:121":3,"b:5:78:5:117:5:117:5:121":0,"s:5:131:5:142":4,"s:9:6:9:Infinity":5,"f:9:6:9:18":1,"s:9:71:9:Infinity":6,"b:9:71:9:89:9:89:9:118:9:118:9:Infinity":1,"s:10:6:10:Infinity":7,"f:10:6:10:30":2,"s:10:49:10:Infinity":8,"b:10:49:10:78:10:78:10:Infinity":2,"s:11:6:11:Infinity":9,"f:11:6:11:19":3,"s:11:71:11:Infinity":10,"b:11:71:11:90:11:90:11:121:11:121:11:Infinity":3,"f:11:134:11:141":4,"s:11:151:11:461":11,"b:11:151:11:170:11:170:11:211:11:211:11:254:11:254:11:298:11:298:11:339:11:339:11:380:11:380:11:425:11:425:11:461":4,"s:12:6:12:Infinity":12,"f:12:6:12:16":5,"s:12:82:12:Infinity":13,"b:12:82:12:101:12:101:12:Infinity":5,"s:13:6:13:Infinity":14,"f:13:6:13:18":6,"s:13:69:13:Infinity":15,"b:13:69:13:88:13:88:13:120:13:120:13:156:13:156:13:Infinity":6,"s:14:6:14:Infinity":16,"f:14:6:14:18":7,"s:14:65:14:Infinity":17,"b:14:65:14:84:14:84:14:126:14:126:14:Infinity":7,"s:15:6:15:Infinity":18,"f:15:6:15:23":8,"s:15:96:15:Infinity":19,"b:15:96:15:115:15:115:15:157:15:157:15:Infinity":8,"f:17:15:17:26":9,"b:17:84:17:100":9,"s:18:18:18:Infinity":20,"s:19:2:19:Infinity":21,"f:19:32:19:41":10,"s:19:59:19:83":22,"s:21:2:22:Infinity":23,"s:21:8:21:83":24,"b:22:18:22:97:undefined:undefined:undefined:undefined":10,"s:22:18:22:97":25,"b:22:22:22:55:22:55:22:84":11,"s:22:84:22:97":26,"s:22:97:22:148":27,"s:23:24:23:Infinity":28,"f:23:46:23:59":11,"s:23:59:23:62":29,"b:24:2:27:Infinity:undefined:undefined:undefined:undefined":12,"s:24:2:27:Infinity":30,"s:25:20:25:Infinity":31,"b:25:55:25:84:25:84:25:Infinity":13,"b:25:20:25:28:25:28:25:55":14,"s:26:4:26:Infinity":32,"b:28:2:28:Infinity:undefined:undefined:undefined:undefined":15,"s:28:2:28:Infinity":33,"s:28:24:28:Infinity":34,"s:29:2:29:Infinity":35,"s:32:38:40:Infinity":36,"f:33:2:33:20":12,"s:33:45:33:Infinity":37,"f:34:2:34:26":13,"s:34:100:34:Infinity":38,"f:35:2:35:25":14,"s:35:50:35:Infinity":39,"f:36:2:36:23":15,"s:36:70:36:Infinity":40,"f:37:2:37:24":16,"s:37:71:37:Infinity":41,"f:38:2:38:23":17,"s:38:48:38:Infinity":42,"f:39:2:39:24":18,"s:39:49:39:Infinity":43},"fnNames":{}}}
,"D:\\PROGEs\\chatBot\\frontend\\src\\video-generation\\video-generation.types.ts": {"path":"D:\\PROGEs\\chatBot\\frontend\\src\\video-generation\\video-generation.types.ts","statementMap":{},"fnMap":{},"branchMap":{},"s":{},"f":{},"b":{},"meta":{"lastBranch":0,"lastFunction":0,"lastStatement":0,"seen":{},"fnNames":{}}}
,"D:\\PROGEs\\chatBot\\frontend\\src\\video-generation\\video-generation.utils.ts": {"path":"D:\\PROGEs\\chatBot\\frontend\\src\\video-generation\\video-generation.utils.ts","statementMap":{"0":{"start":{"line":4,"column":13},"end":{"line":7,"column":null}},"1":{"start":{"line":5,"column":41},"end":{"line":5,"column":null}},"2":{"start":{"line":6,"column":2},"end":{"line":6,"column":null}},"3":{"start":{"line":8,"column":13},"end":{"line":8,"column":null}},"4":{"start":{"line":8,"column":68},"end":{"line":8,"column":null}},"5":{"start":{"line":9,"column":13},"end":{"line":9,"column":null}},"6":{"start":{"line":9,"column":51},"end":{"line":9,"column":null}},"7":{"start":{"line":10,"column":13},"end":{"line":10,"column":null}},"8":{"start":{"line":10,"column":49},"end":{"line":10,"column":null}},"9":{"start":{"line":11,"column":13},"end":{"line":11,"column":null}},"10":{"start":{"line":11,"column":39},"end":{"line":11,"column":null}},"11":{"start":{"line":12,"column":13},"end":{"line":15,"column":null}},"12":{"start":{"line":13,"column":18},"end":{"line":13,"column":null}},"13":{"start":{"line":14,"column":2},"end":{"line":14,"column":null}}},"fnMap":{"0":{"name":"(anonymous_0)","decl":{"start":{"line":4,"column":13},"end":{"line":4,"column":37}},"loc":{"start":{"line":4,"column":90},"end":{"line":7,"column":null}},"line":4},"1":{"name":"(anonymous_1)","decl":{"start":{"line":8,"column":13},"end":{"line":8,"column":38}},"loc":{"start":{"line":8,"column":68},"end":{"line":8,"column":null}},"line":8},"2":{"name":"(anonymous_2)","decl":{"start":{"line":9,"column":13},"end":{"line":9,"column":32}},"loc":{"start":{"line":9,"column":51},"end":{"line":9,"column":null}},"line":9},"3":{"name":"(anonymous_3)","decl":{"start":{"line":10,"column":13},"end":{"line":10,"column":30}},"loc":{"start":{"line":10,"column":49},"end":{"line":10,"column":null}},"line":10},"4":{"name":"(anonymous_4)","decl":{"start":{"line":11,"column":13},"end":{"line":11,"column":39}},"loc":{"start":{"line":11,"column":39},"end":{"line":11,"column":null}},"line":11},"5":{"name":"(anonymous_5)","decl":{"start":{"line":12,"column":13},"end":{"line":12,"column":30}},"loc":{"start":{"line":12,"column":53},"end":{"line":15,"column":null}},"line":12}},"branchMap":{"0":{"loc":{"start":{"line":6,"column":9},"end":{"line":6,"column":null}},"type":"cond-expr","locations":[{"start":{"line":6,"column":58},"end":{"line":6,"column":91}},{"start":{"line":6,"column":91},"end":{"line":6,"column":null}}],"line":6},"1":{"loc":{"start":{"line":9,"column":51},"end":{"line":9,"column":null}},"type":"cond-expr","locations":[{"start":{"line":9,"column":59},"end":{"line":9,"column":163}},{"start":{"line":9,"column":163},"end":{"line":9,"column":null}}],"line":9},"2":{"loc":{"start":{"line":10,"column":49},"end":{"line":10,"column":null}},"type":"cond-expr","locations":[{"start":{"line":10,"column":57},"end":{"line":10,"column":116}},{"start":{"line":10,"column":116},"end":{"line":10,"column":null}}],"line":10},"3":{"loc":{"start":{"line":10,"column":82},"end":{"line":10,"column":116}},"type":"cond-expr","locations":[{"start":{"line":10,"column":103},"end":{"line":10,"column":109}},{"start":{"line":10,"column":109},"end":{"line":10,"column":116}}],"line":10},"4":{"loc":{"start":{"line":13,"column":64},"end":{"line":13,"column":87}},"type":"binary-expr","locations":[{"start":{"line":13,"column":64},"end":{"line":13,"column":77}},{"start":{"line":13,"column":77},"end":{"line":13,"column":87}}],"line":13},"5":{"loc":{"start":{"line":14,"column":9},"end":{"line":14,"column":null}},"type":"cond-expr","locations":[{"start":{"line":14,"column":24},"end":{"line":14,"column":45}},{"start":{"line":14,"column":45},"end":{"line":14,"column":null}}],"line":14}},"s":{"0":2,"1":49,"2":49,"3":2,"4":17,"5":2,"6":17,"7":2,"8":17,"9":2,"10":47,"11":2,"12":3,"13":3},"f":{"0":49,"1":17,"2":17,"3":17,"4":47,"5":3},"b":{"0":[48,1],"1":[17,0],"2":[17,0],"3":[0,17],"4":[3,0],"5":[0,3]},"meta":{"lastBranch":6,"lastFunction":6,"lastStatement":14,"seen":{"s:4:13:7:Infinity":0,"f:4:13:4:37":0,"s:5:41:5:Infinity":1,"s:6:2:6:Infinity":2,"b:6:58:6:91:6:91:6:Infinity":0,"s:8:13:8:Infinity":3,"f:8:13:8:38":1,"s:8:68:8:Infinity":4,"s:9:13:9:Infinity":5,"f:9:13:9:32":2,"s:9:51:9:Infinity":6,"b:9:59:9:163:9:163:9:Infinity":1,"s:10:13:10:Infinity":7,"f:10:13:10:30":3,"s:10:49:10:Infinity":8,"b:10:57:10:116:10:116:10:Infinity":2,"b:10:103:10:109:10:109:10:116":3,"s:11:13:11:Infinity":9,"f:11:13:11:39":4,"s:11:39:11:Infinity":10,"s:12:13:15:Infinity":11,"f:12:13:12:30":5,"s:13:18:13:Infinity":12,"b:13:64:13:77:13:77:13:87":4,"s:14:2:14:Infinity":13,"b:14:24:14:45:14:45:14:Infinity":5},"fnNames":{}}}
}
